[2025-03-01 00:15:55] local.ERROR: Unauthenticated. {"exception":"[object] (Illuminate\\Auth\\AuthenticationException(code: 0): Unauthenticated. at /home/admin/webserver/web/api.sergivanov.ru/public_html/app/Http/Middleware/AuthMiddleware.php:18)
[stacktrace]
#0 /home/admin/webserver/web/api.sergivanov.ru/public_html/vendor/illuminate/pipeline/Pipeline.php(180): App\\Http\\Middleware\\AuthMiddleware->handle()
#1 /home/admin/webserver/web/api.sergivanov.ru/public_html/vendor/laravel/lumen-framework/src/Routing/Pipeline.php(30): Illuminate\\Pipeline\\Pipeline->Illuminate\\Pipeline\\{closure}()
#2 /home/admin/webserver/web/api.sergivanov.ru/public_html/app/Http/Middleware/CorsMiddleware.php(30): Laravel\\Lumen\\Routing\\Pipeline->Laravel\\Lumen\\Routing\\{closure}()
#3 /home/admin/webserver/web/api.sergivanov.ru/public_html/vendor/illuminate/pipeline/Pipeline.php(180): App\\Http\\Middleware\\CorsMiddleware->handle()
#4 /home/admin/webserver/web/api.sergivanov.ru/public_html/vendor/laravel/lumen-framework/src/Routing/Pipeline.php(30): Illuminate\\Pipeline\\Pipeline->Illuminate\\Pipeline\\{closure}()
#5 /home/admin/webserver/web/api.sergivanov.ru/public_html/vendor/illuminate/pipeline/Pipeline.php(116): Laravel\\Lumen\\Routing\\Pipeline->Laravel\\Lumen\\Routing\\{closure}()
#6 /home/admin/webserver/web/api.sergivanov.ru/public_html/vendor/laravel/lumen-framework/src/Concerns/RoutesRequests.php(428): Illuminate\\Pipeline\\Pipeline->then()
#7 /home/admin/webserver/web/api.sergivanov.ru/public_html/vendor/laravel/lumen-framework/src/Concerns/RoutesRequests.php(263): Laravel\\Lumen\\Application->sendThroughPipeline()
#8 /home/admin/webserver/web/api.sergivanov.ru/public_html/vendor/laravel/lumen-framework/src/Concerns/RoutesRequests.php(171): Laravel\\Lumen\\Application->handleFoundRoute()
#9 /home/admin/webserver/web/api.sergivanov.ru/public_html/vendor/laravel/lumen-framework/src/Routing/Pipeline.php(48): Laravel\\Lumen\\Application->Laravel\\Lumen\\Concerns\\{closure}()
#10 /home/admin/webserver/web/api.sergivanov.ru/public_html/app/Http/Middleware/CorsMiddleware.php(30): Laravel\\Lumen\\Routing\\Pipeline->Laravel\\Lumen\\Routing\\{closure}()
#11 /home/admin/webserver/web/api.sergivanov.ru/public_html/vendor/illuminate/pipeline/Pipeline.php(180): App\\Http\\Middleware\\CorsMiddleware->handle()
#12 /home/admin/webserver/web/api.sergivanov.ru/public_html/vendor/laravel/lumen-framework/src/Routing/Pipeline.php(30): Illuminate\\Pipeline\\Pipeline->Illuminate\\Pipeline\\{closure}()
#13 /home/admin/webserver/web/api.sergivanov.ru/public_html/vendor/illuminate/pipeline/Pipeline.php(116): Laravel\\Lumen\\Routing\\Pipeline->Laravel\\Lumen\\Routing\\{closure}()
#14 /home/admin/webserver/web/api.sergivanov.ru/public_html/vendor/laravel/lumen-framework/src/Concerns/RoutesRequests.php(428): Illuminate\\Pipeline\\Pipeline->then()
#15 /home/admin/webserver/web/api.sergivanov.ru/public_html/vendor/laravel/lumen-framework/src/Concerns/RoutesRequests.php(167): Laravel\\Lumen\\Application->sendThroughPipeline()
#16 /home/admin/webserver/web/api.sergivanov.ru/public_html/vendor/laravel/lumen-framework/src/Concerns/RoutesRequests.php(112): Laravel\\Lumen\\Application->dispatch()
#17 /home/admin/webserver/web/api.sergivanov.ru/public_html/public/index.php(28): Laravel\\Lumen\\Application->run()
#18 {main}
"} 
[2025-03-01 00:22:29] local.ERROR: Unauthenticated. {"exception":"[object] (Illuminate\\Auth\\AuthenticationException(code: 0): Unauthenticated. at /home/admin/webserver/web/api.sergivanov.ru/public_html/app/Http/Middleware/AuthMiddleware.php:18)
[stacktrace]
#0 /home/admin/webserver/web/api.sergivanov.ru/public_html/vendor/illuminate/pipeline/Pipeline.php(180): App\\Http\\Middleware\\AuthMiddleware->handle()
#1 /home/admin/webserver/web/api.sergivanov.ru/public_html/vendor/laravel/lumen-framework/src/Routing/Pipeline.php(30): Illuminate\\Pipeline\\Pipeline->Illuminate\\Pipeline\\{closure}()
#2 /home/admin/webserver/web/api.sergivanov.ru/public_html/app/Http/Middleware/CorsMiddleware.php(30): Laravel\\Lumen\\Routing\\Pipeline->Laravel\\Lumen\\Routing\\{closure}()
#3 /home/admin/webserver/web/api.sergivanov.ru/public_html/vendor/illuminate/pipeline/Pipeline.php(180): App\\Http\\Middleware\\CorsMiddleware->handle()
#4 /home/admin/webserver/web/api.sergivanov.ru/public_html/vendor/laravel/lumen-framework/src/Routing/Pipeline.php(30): Illuminate\\Pipeline\\Pipeline->Illuminate\\Pipeline\\{closure}()
#5 /home/admin/webserver/web/api.sergivanov.ru/public_html/vendor/illuminate/pipeline/Pipeline.php(116): Laravel\\Lumen\\Routing\\Pipeline->Laravel\\Lumen\\Routing\\{closure}()
#6 /home/admin/webserver/web/api.sergivanov.ru/public_html/vendor/laravel/lumen-framework/src/Concerns/RoutesRequests.php(428): Illuminate\\Pipeline\\Pipeline->then()
#7 /home/admin/webserver/web/api.sergivanov.ru/public_html/vendor/laravel/lumen-framework/src/Concerns/RoutesRequests.php(263): Laravel\\Lumen\\Application->sendThroughPipeline()
#8 /home/admin/webserver/web/api.sergivanov.ru/public_html/vendor/laravel/lumen-framework/src/Concerns/RoutesRequests.php(171): Laravel\\Lumen\\Application->handleFoundRoute()
#9 /home/admin/webserver/web/api.sergivanov.ru/public_html/vendor/laravel/lumen-framework/src/Routing/Pipeline.php(48): Laravel\\Lumen\\Application->Laravel\\Lumen\\Concerns\\{closure}()
#10 /home/admin/webserver/web/api.sergivanov.ru/public_html/app/Http/Middleware/CorsMiddleware.php(30): Laravel\\Lumen\\Routing\\Pipeline->Laravel\\Lumen\\Routing\\{closure}()
#11 /home/admin/webserver/web/api.sergivanov.ru/public_html/vendor/illuminate/pipeline/Pipeline.php(180): App\\Http\\Middleware\\CorsMiddleware->handle()
#12 /home/admin/webserver/web/api.sergivanov.ru/public_html/vendor/laravel/lumen-framework/src/Routing/Pipeline.php(30): Illuminate\\Pipeline\\Pipeline->Illuminate\\Pipeline\\{closure}()
#13 /home/admin/webserver/web/api.sergivanov.ru/public_html/vendor/illuminate/pipeline/Pipeline.php(116): Laravel\\Lumen\\Routing\\Pipeline->Laravel\\Lumen\\Routing\\{closure}()
#14 /home/admin/webserver/web/api.sergivanov.ru/public_html/vendor/laravel/lumen-framework/src/Concerns/RoutesRequests.php(428): Illuminate\\Pipeline\\Pipeline->then()
#15 /home/admin/webserver/web/api.sergivanov.ru/public_html/vendor/laravel/lumen-framework/src/Concerns/RoutesRequests.php(167): Laravel\\Lumen\\Application->sendThroughPipeline()
#16 /home/admin/webserver/web/api.sergivanov.ru/public_html/vendor/laravel/lumen-framework/src/Concerns/RoutesRequests.php(112): Laravel\\Lumen\\Application->dispatch()
#17 /home/admin/webserver/web/api.sergivanov.ru/public_html/public/index.php(28): Laravel\\Lumen\\Application->run()
#18 {main}
"} 
[2025-03-01 00:54:30] local.ERROR: Unauthenticated. {"exception":"[object] (Illuminate\\Auth\\AuthenticationException(code: 0): Unauthenticated. at /home/admin/webserver/web/api.sergivanov.ru/public_html/app/Http/Middleware/AuthMiddleware.php:18)
[stacktrace]
#0 /home/admin/webserver/web/api.sergivanov.ru/public_html/vendor/illuminate/pipeline/Pipeline.php(180): App\\Http\\Middleware\\AuthMiddleware->handle()
#1 /home/admin/webserver/web/api.sergivanov.ru/public_html/vendor/laravel/lumen-framework/src/Routing/Pipeline.php(30): Illuminate\\Pipeline\\Pipeline->Illuminate\\Pipeline\\{closure}()
#2 /home/admin/webserver/web/api.sergivanov.ru/public_html/app/Http/Middleware/CorsMiddleware.php(30): Laravel\\Lumen\\Routing\\Pipeline->Laravel\\Lumen\\Routing\\{closure}()
#3 /home/admin/webserver/web/api.sergivanov.ru/public_html/vendor/illuminate/pipeline/Pipeline.php(180): App\\Http\\Middleware\\CorsMiddleware->handle()
#4 /home/admin/webserver/web/api.sergivanov.ru/public_html/vendor/laravel/lumen-framework/src/Routing/Pipeline.php(30): Illuminate\\Pipeline\\Pipeline->Illuminate\\Pipeline\\{closure}()
#5 /home/admin/webserver/web/api.sergivanov.ru/public_html/vendor/illuminate/pipeline/Pipeline.php(116): Laravel\\Lumen\\Routing\\Pipeline->Laravel\\Lumen\\Routing\\{closure}()
#6 /home/admin/webserver/web/api.sergivanov.ru/public_html/vendor/laravel/lumen-framework/src/Concerns/RoutesRequests.php(428): Illuminate\\Pipeline\\Pipeline->then()
#7 /home/admin/webserver/web/api.sergivanov.ru/public_html/vendor/laravel/lumen-framework/src/Concerns/RoutesRequests.php(263): Laravel\\Lumen\\Application->sendThroughPipeline()
#8 /home/admin/webserver/web/api.sergivanov.ru/public_html/vendor/laravel/lumen-framework/src/Concerns/RoutesRequests.php(171): Laravel\\Lumen\\Application->handleFoundRoute()
#9 /home/admin/webserver/web/api.sergivanov.ru/public_html/vendor/laravel/lumen-framework/src/Routing/Pipeline.php(48): Laravel\\Lumen\\Application->Laravel\\Lumen\\Concerns\\{closure}()
#10 /home/admin/webserver/web/api.sergivanov.ru/public_html/app/Http/Middleware/CorsMiddleware.php(30): Laravel\\Lumen\\Routing\\Pipeline->Laravel\\Lumen\\Routing\\{closure}()
#11 /home/admin/webserver/web/api.sergivanov.ru/public_html/vendor/illuminate/pipeline/Pipeline.php(180): App\\Http\\Middleware\\CorsMiddleware->handle()
#12 /home/admin/webserver/web/api.sergivanov.ru/public_html/vendor/laravel/lumen-framework/src/Routing/Pipeline.php(30): Illuminate\\Pipeline\\Pipeline->Illuminate\\Pipeline\\{closure}()
#13 /home/admin/webserver/web/api.sergivanov.ru/public_html/vendor/illuminate/pipeline/Pipeline.php(116): Laravel\\Lumen\\Routing\\Pipeline->Laravel\\Lumen\\Routing\\{closure}()
#14 /home/admin/webserver/web/api.sergivanov.ru/public_html/vendor/laravel/lumen-framework/src/Concerns/RoutesRequests.php(428): Illuminate\\Pipeline\\Pipeline->then()
#15 /home/admin/webserver/web/api.sergivanov.ru/public_html/vendor/laravel/lumen-framework/src/Concerns/RoutesRequests.php(167): Laravel\\Lumen\\Application->sendThroughPipeline()
#16 /home/admin/webserver/web/api.sergivanov.ru/public_html/vendor/laravel/lumen-framework/src/Concerns/RoutesRequests.php(112): Laravel\\Lumen\\Application->dispatch()
#17 /home/admin/webserver/web/api.sergivanov.ru/public_html/public/index.php(28): Laravel\\Lumen\\Application->run()
#18 {main}
"} 
[2025-03-01 02:15:04] local.ERROR: Unauthenticated. {"exception":"[object] (Illuminate\\Auth\\AuthenticationException(code: 0): Unauthenticated. at /home/admin/webserver/web/api.sergivanov.ru/public_html/app/Http/Middleware/AuthMiddleware.php:18)
[stacktrace]
#0 /home/admin/webserver/web/api.sergivanov.ru/public_html/vendor/illuminate/pipeline/Pipeline.php(180): App\\Http\\Middleware\\AuthMiddleware->handle()
#1 /home/admin/webserver/web/api.sergivanov.ru/public_html/vendor/laravel/lumen-framework/src/Routing/Pipeline.php(30): Illuminate\\Pipeline\\Pipeline->Illuminate\\Pipeline\\{closure}()
#2 /home/admin/webserver/web/api.sergivanov.ru/public_html/app/Http/Middleware/CorsMiddleware.php(30): Laravel\\Lumen\\Routing\\Pipeline->Laravel\\Lumen\\Routing\\{closure}()
#3 /home/admin/webserver/web/api.sergivanov.ru/public_html/vendor/illuminate/pipeline/Pipeline.php(180): App\\Http\\Middleware\\CorsMiddleware->handle()
#4 /home/admin/webserver/web/api.sergivanov.ru/public_html/vendor/laravel/lumen-framework/src/Routing/Pipeline.php(30): Illuminate\\Pipeline\\Pipeline->Illuminate\\Pipeline\\{closure}()
#5 /home/admin/webserver/web/api.sergivanov.ru/public_html/vendor/illuminate/pipeline/Pipeline.php(116): Laravel\\Lumen\\Routing\\Pipeline->Laravel\\Lumen\\Routing\\{closure}()
#6 /home/admin/webserver/web/api.sergivanov.ru/public_html/vendor/laravel/lumen-framework/src/Concerns/RoutesRequests.php(428): Illuminate\\Pipeline\\Pipeline->then()
#7 /home/admin/webserver/web/api.sergivanov.ru/public_html/vendor/laravel/lumen-framework/src/Concerns/RoutesRequests.php(263): Laravel\\Lumen\\Application->sendThroughPipeline()
#8 /home/admin/webserver/web/api.sergivanov.ru/public_html/vendor/laravel/lumen-framework/src/Concerns/RoutesRequests.php(171): Laravel\\Lumen\\Application->handleFoundRoute()
#9 /home/admin/webserver/web/api.sergivanov.ru/public_html/vendor/laravel/lumen-framework/src/Routing/Pipeline.php(48): Laravel\\Lumen\\Application->Laravel\\Lumen\\Concerns\\{closure}()
#10 /home/admin/webserver/web/api.sergivanov.ru/public_html/app/Http/Middleware/CorsMiddleware.php(30): Laravel\\Lumen\\Routing\\Pipeline->Laravel\\Lumen\\Routing\\{closure}()
#11 /home/admin/webserver/web/api.sergivanov.ru/public_html/vendor/illuminate/pipeline/Pipeline.php(180): App\\Http\\Middleware\\CorsMiddleware->handle()
#12 /home/admin/webserver/web/api.sergivanov.ru/public_html/vendor/laravel/lumen-framework/src/Routing/Pipeline.php(30): Illuminate\\Pipeline\\Pipeline->Illuminate\\Pipeline\\{closure}()
#13 /home/admin/webserver/web/api.sergivanov.ru/public_html/vendor/illuminate/pipeline/Pipeline.php(116): Laravel\\Lumen\\Routing\\Pipeline->Laravel\\Lumen\\Routing\\{closure}()
#14 /home/admin/webserver/web/api.sergivanov.ru/public_html/vendor/laravel/lumen-framework/src/Concerns/RoutesRequests.php(428): Illuminate\\Pipeline\\Pipeline->then()
#15 /home/admin/webserver/web/api.sergivanov.ru/public_html/vendor/laravel/lumen-framework/src/Concerns/RoutesRequests.php(167): Laravel\\Lumen\\Application->sendThroughPipeline()
#16 /home/admin/webserver/web/api.sergivanov.ru/public_html/vendor/laravel/lumen-framework/src/Concerns/RoutesRequests.php(112): Laravel\\Lumen\\Application->dispatch()
#17 /home/admin/webserver/web/api.sergivanov.ru/public_html/public/index.php(28): Laravel\\Lumen\\Application->run()
#18 {main}
"} 
[2025-03-01 02:20:08] local.ERROR: Unauthenticated. {"exception":"[object] (Illuminate\\Auth\\AuthenticationException(code: 0): Unauthenticated. at /home/admin/webserver/web/api.sergivanov.ru/public_html/app/Http/Middleware/AuthMiddleware.php:18)
[stacktrace]
#0 /home/admin/webserver/web/api.sergivanov.ru/public_html/vendor/illuminate/pipeline/Pipeline.php(180): App\\Http\\Middleware\\AuthMiddleware->handle()
#1 /home/admin/webserver/web/api.sergivanov.ru/public_html/vendor/laravel/lumen-framework/src/Routing/Pipeline.php(30): Illuminate\\Pipeline\\Pipeline->Illuminate\\Pipeline\\{closure}()
#2 /home/admin/webserver/web/api.sergivanov.ru/public_html/app/Http/Middleware/CorsMiddleware.php(30): Laravel\\Lumen\\Routing\\Pipeline->Laravel\\Lumen\\Routing\\{closure}()
#3 /home/admin/webserver/web/api.sergivanov.ru/public_html/vendor/illuminate/pipeline/Pipeline.php(180): App\\Http\\Middleware\\CorsMiddleware->handle()
#4 /home/admin/webserver/web/api.sergivanov.ru/public_html/vendor/laravel/lumen-framework/src/Routing/Pipeline.php(30): Illuminate\\Pipeline\\Pipeline->Illuminate\\Pipeline\\{closure}()
#5 /home/admin/webserver/web/api.sergivanov.ru/public_html/vendor/illuminate/pipeline/Pipeline.php(116): Laravel\\Lumen\\Routing\\Pipeline->Laravel\\Lumen\\Routing\\{closure}()
#6 /home/admin/webserver/web/api.sergivanov.ru/public_html/vendor/laravel/lumen-framework/src/Concerns/RoutesRequests.php(428): Illuminate\\Pipeline\\Pipeline->then()
#7 /home/admin/webserver/web/api.sergivanov.ru/public_html/vendor/laravel/lumen-framework/src/Concerns/RoutesRequests.php(263): Laravel\\Lumen\\Application->sendThroughPipeline()
#8 /home/admin/webserver/web/api.sergivanov.ru/public_html/vendor/laravel/lumen-framework/src/Concerns/RoutesRequests.php(171): Laravel\\Lumen\\Application->handleFoundRoute()
#9 /home/admin/webserver/web/api.sergivanov.ru/public_html/vendor/laravel/lumen-framework/src/Routing/Pipeline.php(48): Laravel\\Lumen\\Application->Laravel\\Lumen\\Concerns\\{closure}()
#10 /home/admin/webserver/web/api.sergivanov.ru/public_html/app/Http/Middleware/CorsMiddleware.php(30): Laravel\\Lumen\\Routing\\Pipeline->Laravel\\Lumen\\Routing\\{closure}()
#11 /home/admin/webserver/web/api.sergivanov.ru/public_html/vendor/illuminate/pipeline/Pipeline.php(180): App\\Http\\Middleware\\CorsMiddleware->handle()
#12 /home/admin/webserver/web/api.sergivanov.ru/public_html/vendor/laravel/lumen-framework/src/Routing/Pipeline.php(30): Illuminate\\Pipeline\\Pipeline->Illuminate\\Pipeline\\{closure}()
#13 /home/admin/webserver/web/api.sergivanov.ru/public_html/vendor/illuminate/pipeline/Pipeline.php(116): Laravel\\Lumen\\Routing\\Pipeline->Laravel\\Lumen\\Routing\\{closure}()
#14 /home/admin/webserver/web/api.sergivanov.ru/public_html/vendor/laravel/lumen-framework/src/Concerns/RoutesRequests.php(428): Illuminate\\Pipeline\\Pipeline->then()
#15 /home/admin/webserver/web/api.sergivanov.ru/public_html/vendor/laravel/lumen-framework/src/Concerns/RoutesRequests.php(167): Laravel\\Lumen\\Application->sendThroughPipeline()
#16 /home/admin/webserver/web/api.sergivanov.ru/public_html/vendor/laravel/lumen-framework/src/Concerns/RoutesRequests.php(112): Laravel\\Lumen\\Application->dispatch()
#17 /home/admin/webserver/web/api.sergivanov.ru/public_html/public/index.php(28): Laravel\\Lumen\\Application->run()
#18 {main}
"} 
[2025-03-01 04:51:16] local.ERROR: Unauthenticated. {"exception":"[object] (Illuminate\\Auth\\AuthenticationException(code: 0): Unauthenticated. at /home/admin/webserver/web/api.sergivanov.ru/public_html/app/Http/Middleware/AuthMiddleware.php:18)
[stacktrace]
#0 /home/admin/webserver/web/api.sergivanov.ru/public_html/vendor/illuminate/pipeline/Pipeline.php(180): App\\Http\\Middleware\\AuthMiddleware->handle()
#1 /home/admin/webserver/web/api.sergivanov.ru/public_html/vendor/laravel/lumen-framework/src/Routing/Pipeline.php(30): Illuminate\\Pipeline\\Pipeline->Illuminate\\Pipeline\\{closure}()
#2 /home/admin/webserver/web/api.sergivanov.ru/public_html/app/Http/Middleware/CorsMiddleware.php(30): Laravel\\Lumen\\Routing\\Pipeline->Laravel\\Lumen\\Routing\\{closure}()
#3 /home/admin/webserver/web/api.sergivanov.ru/public_html/vendor/illuminate/pipeline/Pipeline.php(180): App\\Http\\Middleware\\CorsMiddleware->handle()
#4 /home/admin/webserver/web/api.sergivanov.ru/public_html/vendor/laravel/lumen-framework/src/Routing/Pipeline.php(30): Illuminate\\Pipeline\\Pipeline->Illuminate\\Pipeline\\{closure}()
#5 /home/admin/webserver/web/api.sergivanov.ru/public_html/vendor/illuminate/pipeline/Pipeline.php(116): Laravel\\Lumen\\Routing\\Pipeline->Laravel\\Lumen\\Routing\\{closure}()
#6 /home/admin/webserver/web/api.sergivanov.ru/public_html/vendor/laravel/lumen-framework/src/Concerns/RoutesRequests.php(428): Illuminate\\Pipeline\\Pipeline->then()
#7 /home/admin/webserver/web/api.sergivanov.ru/public_html/vendor/laravel/lumen-framework/src/Concerns/RoutesRequests.php(263): Laravel\\Lumen\\Application->sendThroughPipeline()
#8 /home/admin/webserver/web/api.sergivanov.ru/public_html/vendor/laravel/lumen-framework/src/Concerns/RoutesRequests.php(171): Laravel\\Lumen\\Application->handleFoundRoute()
#9 /home/admin/webserver/web/api.sergivanov.ru/public_html/vendor/laravel/lumen-framework/src/Routing/Pipeline.php(48): Laravel\\Lumen\\Application->Laravel\\Lumen\\Concerns\\{closure}()
#10 /home/admin/webserver/web/api.sergivanov.ru/public_html/app/Http/Middleware/CorsMiddleware.php(30): Laravel\\Lumen\\Routing\\Pipeline->Laravel\\Lumen\\Routing\\{closure}()
#11 /home/admin/webserver/web/api.sergivanov.ru/public_html/vendor/illuminate/pipeline/Pipeline.php(180): App\\Http\\Middleware\\CorsMiddleware->handle()
#12 /home/admin/webserver/web/api.sergivanov.ru/public_html/vendor/laravel/lumen-framework/src/Routing/Pipeline.php(30): Illuminate\\Pipeline\\Pipeline->Illuminate\\Pipeline\\{closure}()
#13 /home/admin/webserver/web/api.sergivanov.ru/public_html/vendor/illuminate/pipeline/Pipeline.php(116): Laravel\\Lumen\\Routing\\Pipeline->Laravel\\Lumen\\Routing\\{closure}()
#14 /home/admin/webserver/web/api.sergivanov.ru/public_html/vendor/laravel/lumen-framework/src/Concerns/RoutesRequests.php(428): Illuminate\\Pipeline\\Pipeline->then()
#15 /home/admin/webserver/web/api.sergivanov.ru/public_html/vendor/laravel/lumen-framework/src/Concerns/RoutesRequests.php(167): Laravel\\Lumen\\Application->sendThroughPipeline()
#16 /home/admin/webserver/web/api.sergivanov.ru/public_html/vendor/laravel/lumen-framework/src/Concerns/RoutesRequests.php(112): Laravel\\Lumen\\Application->dispatch()
#17 /home/admin/webserver/web/api.sergivanov.ru/public_html/public/index.php(28): Laravel\\Lumen\\Application->run()
#18 {main}
"} 
[2025-03-01 04:59:04] local.ERROR: Unauthenticated. {"exception":"[object] (Illuminate\\Auth\\AuthenticationException(code: 0): Unauthenticated. at /home/admin/webserver/web/api.sergivanov.ru/public_html/app/Http/Middleware/AuthMiddleware.php:18)
[stacktrace]
#0 /home/admin/webserver/web/api.sergivanov.ru/public_html/vendor/illuminate/pipeline/Pipeline.php(180): App\\Http\\Middleware\\AuthMiddleware->handle()
#1 /home/admin/webserver/web/api.sergivanov.ru/public_html/vendor/laravel/lumen-framework/src/Routing/Pipeline.php(30): Illuminate\\Pipeline\\Pipeline->Illuminate\\Pipeline\\{closure}()
#2 /home/admin/webserver/web/api.sergivanov.ru/public_html/app/Http/Middleware/CorsMiddleware.php(30): Laravel\\Lumen\\Routing\\Pipeline->Laravel\\Lumen\\Routing\\{closure}()
#3 /home/admin/webserver/web/api.sergivanov.ru/public_html/vendor/illuminate/pipeline/Pipeline.php(180): App\\Http\\Middleware\\CorsMiddleware->handle()
#4 /home/admin/webserver/web/api.sergivanov.ru/public_html/vendor/laravel/lumen-framework/src/Routing/Pipeline.php(30): Illuminate\\Pipeline\\Pipeline->Illuminate\\Pipeline\\{closure}()
#5 /home/admin/webserver/web/api.sergivanov.ru/public_html/vendor/illuminate/pipeline/Pipeline.php(116): Laravel\\Lumen\\Routing\\Pipeline->Laravel\\Lumen\\Routing\\{closure}()
#6 /home/admin/webserver/web/api.sergivanov.ru/public_html/vendor/laravel/lumen-framework/src/Concerns/RoutesRequests.php(428): Illuminate\\Pipeline\\Pipeline->then()
#7 /home/admin/webserver/web/api.sergivanov.ru/public_html/vendor/laravel/lumen-framework/src/Concerns/RoutesRequests.php(263): Laravel\\Lumen\\Application->sendThroughPipeline()
#8 /home/admin/webserver/web/api.sergivanov.ru/public_html/vendor/laravel/lumen-framework/src/Concerns/RoutesRequests.php(171): Laravel\\Lumen\\Application->handleFoundRoute()
#9 /home/admin/webserver/web/api.sergivanov.ru/public_html/vendor/laravel/lumen-framework/src/Routing/Pipeline.php(48): Laravel\\Lumen\\Application->Laravel\\Lumen\\Concerns\\{closure}()
#10 /home/admin/webserver/web/api.sergivanov.ru/public_html/app/Http/Middleware/CorsMiddleware.php(30): Laravel\\Lumen\\Routing\\Pipeline->Laravel\\Lumen\\Routing\\{closure}()
#11 /home/admin/webserver/web/api.sergivanov.ru/public_html/vendor/illuminate/pipeline/Pipeline.php(180): App\\Http\\Middleware\\CorsMiddleware->handle()
#12 /home/admin/webserver/web/api.sergivanov.ru/public_html/vendor/laravel/lumen-framework/src/Routing/Pipeline.php(30): Illuminate\\Pipeline\\Pipeline->Illuminate\\Pipeline\\{closure}()
#13 /home/admin/webserver/web/api.sergivanov.ru/public_html/vendor/illuminate/pipeline/Pipeline.php(116): Laravel\\Lumen\\Routing\\Pipeline->Laravel\\Lumen\\Routing\\{closure}()
#14 /home/admin/webserver/web/api.sergivanov.ru/public_html/vendor/laravel/lumen-framework/src/Concerns/RoutesRequests.php(428): Illuminate\\Pipeline\\Pipeline->then()
#15 /home/admin/webserver/web/api.sergivanov.ru/public_html/vendor/laravel/lumen-framework/src/Concerns/RoutesRequests.php(167): Laravel\\Lumen\\Application->sendThroughPipeline()
#16 /home/admin/webserver/web/api.sergivanov.ru/public_html/vendor/laravel/lumen-framework/src/Concerns/RoutesRequests.php(112): Laravel\\Lumen\\Application->dispatch()
#17 /home/admin/webserver/web/api.sergivanov.ru/public_html/public/index.php(28): Laravel\\Lumen\\Application->run()
#18 {main}
"} 
[2025-03-01 06:28:23] local.ERROR: Unauthenticated. {"exception":"[object] (Illuminate\\Auth\\AuthenticationException(code: 0): Unauthenticated. at /home/admin/webserver/web/api.sergivanov.ru/public_html/app/Http/Middleware/AuthMiddleware.php:18)
[stacktrace]
#0 /home/admin/webserver/web/api.sergivanov.ru/public_html/vendor/illuminate/pipeline/Pipeline.php(180): App\\Http\\Middleware\\AuthMiddleware->handle()
#1 /home/admin/webserver/web/api.sergivanov.ru/public_html/vendor/laravel/lumen-framework/src/Routing/Pipeline.php(30): Illuminate\\Pipeline\\Pipeline->Illuminate\\Pipeline\\{closure}()
#2 /home/admin/webserver/web/api.sergivanov.ru/public_html/app/Http/Middleware/CorsMiddleware.php(30): Laravel\\Lumen\\Routing\\Pipeline->Laravel\\Lumen\\Routing\\{closure}()
#3 /home/admin/webserver/web/api.sergivanov.ru/public_html/vendor/illuminate/pipeline/Pipeline.php(180): App\\Http\\Middleware\\CorsMiddleware->handle()
#4 /home/admin/webserver/web/api.sergivanov.ru/public_html/vendor/laravel/lumen-framework/src/Routing/Pipeline.php(30): Illuminate\\Pipeline\\Pipeline->Illuminate\\Pipeline\\{closure}()
#5 /home/admin/webserver/web/api.sergivanov.ru/public_html/vendor/illuminate/pipeline/Pipeline.php(116): Laravel\\Lumen\\Routing\\Pipeline->Laravel\\Lumen\\Routing\\{closure}()
#6 /home/admin/webserver/web/api.sergivanov.ru/public_html/vendor/laravel/lumen-framework/src/Concerns/RoutesRequests.php(428): Illuminate\\Pipeline\\Pipeline->then()
#7 /home/admin/webserver/web/api.sergivanov.ru/public_html/vendor/laravel/lumen-framework/src/Concerns/RoutesRequests.php(263): Laravel\\Lumen\\Application->sendThroughPipeline()
#8 /home/admin/webserver/web/api.sergivanov.ru/public_html/vendor/laravel/lumen-framework/src/Concerns/RoutesRequests.php(171): Laravel\\Lumen\\Application->handleFoundRoute()
#9 /home/admin/webserver/web/api.sergivanov.ru/public_html/vendor/laravel/lumen-framework/src/Routing/Pipeline.php(48): Laravel\\Lumen\\Application->Laravel\\Lumen\\Concerns\\{closure}()
#10 /home/admin/webserver/web/api.sergivanov.ru/public_html/app/Http/Middleware/CorsMiddleware.php(30): Laravel\\Lumen\\Routing\\Pipeline->Laravel\\Lumen\\Routing\\{closure}()
#11 /home/admin/webserver/web/api.sergivanov.ru/public_html/vendor/illuminate/pipeline/Pipeline.php(180): App\\Http\\Middleware\\CorsMiddleware->handle()
#12 /home/admin/webserver/web/api.sergivanov.ru/public_html/vendor/laravel/lumen-framework/src/Routing/Pipeline.php(30): Illuminate\\Pipeline\\Pipeline->Illuminate\\Pipeline\\{closure}()
#13 /home/admin/webserver/web/api.sergivanov.ru/public_html/vendor/illuminate/pipeline/Pipeline.php(116): Laravel\\Lumen\\Routing\\Pipeline->Laravel\\Lumen\\Routing\\{closure}()
#14 /home/admin/webserver/web/api.sergivanov.ru/public_html/vendor/laravel/lumen-framework/src/Concerns/RoutesRequests.php(428): Illuminate\\Pipeline\\Pipeline->then()
#15 /home/admin/webserver/web/api.sergivanov.ru/public_html/vendor/laravel/lumen-framework/src/Concerns/RoutesRequests.php(167): Laravel\\Lumen\\Application->sendThroughPipeline()
#16 /home/admin/webserver/web/api.sergivanov.ru/public_html/vendor/laravel/lumen-framework/src/Concerns/RoutesRequests.php(112): Laravel\\Lumen\\Application->dispatch()
#17 /home/admin/webserver/web/api.sergivanov.ru/public_html/public/index.php(28): Laravel\\Lumen\\Application->run()
#18 {main}
"} 
[2025-03-01 08:15:03] local.ERROR: Unauthenticated. {"exception":"[object] (Illuminate\\Auth\\AuthenticationException(code: 0): Unauthenticated. at /home/admin/webserver/web/api.sergivanov.ru/public_html/app/Http/Middleware/AuthMiddleware.php:18)
[stacktrace]
#0 /home/admin/webserver/web/api.sergivanov.ru/public_html/vendor/illuminate/pipeline/Pipeline.php(180): App\\Http\\Middleware\\AuthMiddleware->handle()
#1 /home/admin/webserver/web/api.sergivanov.ru/public_html/vendor/laravel/lumen-framework/src/Routing/Pipeline.php(30): Illuminate\\Pipeline\\Pipeline->Illuminate\\Pipeline\\{closure}()
#2 /home/admin/webserver/web/api.sergivanov.ru/public_html/app/Http/Middleware/CorsMiddleware.php(30): Laravel\\Lumen\\Routing\\Pipeline->Laravel\\Lumen\\Routing\\{closure}()
#3 /home/admin/webserver/web/api.sergivanov.ru/public_html/vendor/illuminate/pipeline/Pipeline.php(180): App\\Http\\Middleware\\CorsMiddleware->handle()
#4 /home/admin/webserver/web/api.sergivanov.ru/public_html/vendor/laravel/lumen-framework/src/Routing/Pipeline.php(30): Illuminate\\Pipeline\\Pipeline->Illuminate\\Pipeline\\{closure}()
#5 /home/admin/webserver/web/api.sergivanov.ru/public_html/vendor/illuminate/pipeline/Pipeline.php(116): Laravel\\Lumen\\Routing\\Pipeline->Laravel\\Lumen\\Routing\\{closure}()
#6 /home/admin/webserver/web/api.sergivanov.ru/public_html/vendor/laravel/lumen-framework/src/Concerns/RoutesRequests.php(428): Illuminate\\Pipeline\\Pipeline->then()
#7 /home/admin/webserver/web/api.sergivanov.ru/public_html/vendor/laravel/lumen-framework/src/Concerns/RoutesRequests.php(263): Laravel\\Lumen\\Application->sendThroughPipeline()
#8 /home/admin/webserver/web/api.sergivanov.ru/public_html/vendor/laravel/lumen-framework/src/Concerns/RoutesRequests.php(171): Laravel\\Lumen\\Application->handleFoundRoute()
#9 /home/admin/webserver/web/api.sergivanov.ru/public_html/vendor/laravel/lumen-framework/src/Routing/Pipeline.php(48): Laravel\\Lumen\\Application->Laravel\\Lumen\\Concerns\\{closure}()
#10 /home/admin/webserver/web/api.sergivanov.ru/public_html/app/Http/Middleware/CorsMiddleware.php(30): Laravel\\Lumen\\Routing\\Pipeline->Laravel\\Lumen\\Routing\\{closure}()
#11 /home/admin/webserver/web/api.sergivanov.ru/public_html/vendor/illuminate/pipeline/Pipeline.php(180): App\\Http\\Middleware\\CorsMiddleware->handle()
#12 /home/admin/webserver/web/api.sergivanov.ru/public_html/vendor/laravel/lumen-framework/src/Routing/Pipeline.php(30): Illuminate\\Pipeline\\Pipeline->Illuminate\\Pipeline\\{closure}()
#13 /home/admin/webserver/web/api.sergivanov.ru/public_html/vendor/illuminate/pipeline/Pipeline.php(116): Laravel\\Lumen\\Routing\\Pipeline->Laravel\\Lumen\\Routing\\{closure}()
#14 /home/admin/webserver/web/api.sergivanov.ru/public_html/vendor/laravel/lumen-framework/src/Concerns/RoutesRequests.php(428): Illuminate\\Pipeline\\Pipeline->then()
#15 /home/admin/webserver/web/api.sergivanov.ru/public_html/vendor/laravel/lumen-framework/src/Concerns/RoutesRequests.php(167): Laravel\\Lumen\\Application->sendThroughPipeline()
#16 /home/admin/webserver/web/api.sergivanov.ru/public_html/vendor/laravel/lumen-framework/src/Concerns/RoutesRequests.php(112): Laravel\\Lumen\\Application->dispatch()
#17 /home/admin/webserver/web/api.sergivanov.ru/public_html/public/index.php(28): Laravel\\Lumen\\Application->run()
#18 {main}
"} 
[2025-03-01 08:22:40] local.ERROR: Unauthenticated. {"exception":"[object] (Illuminate\\Auth\\AuthenticationException(code: 0): Unauthenticated. at /home/admin/webserver/web/api.sergivanov.ru/public_html/app/Http/Middleware/AuthMiddleware.php:18)
[stacktrace]
#0 /home/admin/webserver/web/api.sergivanov.ru/public_html/vendor/illuminate/pipeline/Pipeline.php(180): App\\Http\\Middleware\\AuthMiddleware->handle()
#1 /home/admin/webserver/web/api.sergivanov.ru/public_html/vendor/laravel/lumen-framework/src/Routing/Pipeline.php(30): Illuminate\\Pipeline\\Pipeline->Illuminate\\Pipeline\\{closure}()
#2 /home/admin/webserver/web/api.sergivanov.ru/public_html/app/Http/Middleware/CorsMiddleware.php(30): Laravel\\Lumen\\Routing\\Pipeline->Laravel\\Lumen\\Routing\\{closure}()
#3 /home/admin/webserver/web/api.sergivanov.ru/public_html/vendor/illuminate/pipeline/Pipeline.php(180): App\\Http\\Middleware\\CorsMiddleware->handle()
#4 /home/admin/webserver/web/api.sergivanov.ru/public_html/vendor/laravel/lumen-framework/src/Routing/Pipeline.php(30): Illuminate\\Pipeline\\Pipeline->Illuminate\\Pipeline\\{closure}()
#5 /home/admin/webserver/web/api.sergivanov.ru/public_html/vendor/illuminate/pipeline/Pipeline.php(116): Laravel\\Lumen\\Routing\\Pipeline->Laravel\\Lumen\\Routing\\{closure}()
#6 /home/admin/webserver/web/api.sergivanov.ru/public_html/vendor/laravel/lumen-framework/src/Concerns/RoutesRequests.php(428): Illuminate\\Pipeline\\Pipeline->then()
#7 /home/admin/webserver/web/api.sergivanov.ru/public_html/vendor/laravel/lumen-framework/src/Concerns/RoutesRequests.php(263): Laravel\\Lumen\\Application->sendThroughPipeline()
#8 /home/admin/webserver/web/api.sergivanov.ru/public_html/vendor/laravel/lumen-framework/src/Concerns/RoutesRequests.php(171): Laravel\\Lumen\\Application->handleFoundRoute()
#9 /home/admin/webserver/web/api.sergivanov.ru/public_html/vendor/laravel/lumen-framework/src/Routing/Pipeline.php(48): Laravel\\Lumen\\Application->Laravel\\Lumen\\Concerns\\{closure}()
#10 /home/admin/webserver/web/api.sergivanov.ru/public_html/app/Http/Middleware/CorsMiddleware.php(30): Laravel\\Lumen\\Routing\\Pipeline->Laravel\\Lumen\\Routing\\{closure}()
#11 /home/admin/webserver/web/api.sergivanov.ru/public_html/vendor/illuminate/pipeline/Pipeline.php(180): App\\Http\\Middleware\\CorsMiddleware->handle()
#12 /home/admin/webserver/web/api.sergivanov.ru/public_html/vendor/laravel/lumen-framework/src/Routing/Pipeline.php(30): Illuminate\\Pipeline\\Pipeline->Illuminate\\Pipeline\\{closure}()
#13 /home/admin/webserver/web/api.sergivanov.ru/public_html/vendor/illuminate/pipeline/Pipeline.php(116): Laravel\\Lumen\\Routing\\Pipeline->Laravel\\Lumen\\Routing\\{closure}()
#14 /home/admin/webserver/web/api.sergivanov.ru/public_html/vendor/laravel/lumen-framework/src/Concerns/RoutesRequests.php(428): Illuminate\\Pipeline\\Pipeline->then()
#15 /home/admin/webserver/web/api.sergivanov.ru/public_html/vendor/laravel/lumen-framework/src/Concerns/RoutesRequests.php(167): Laravel\\Lumen\\Application->sendThroughPipeline()
#16 /home/admin/webserver/web/api.sergivanov.ru/public_html/vendor/laravel/lumen-framework/src/Concerns/RoutesRequests.php(112): Laravel\\Lumen\\Application->dispatch()
#17 /home/admin/webserver/web/api.sergivanov.ru/public_html/public/index.php(28): Laravel\\Lumen\\Application->run()
#18 {main}
"} 
[2025-03-01 09:59:18] local.ERROR: Unauthenticated. {"exception":"[object] (Illuminate\\Auth\\AuthenticationException(code: 0): Unauthenticated. at /home/admin/webserver/web/api.sergivanov.ru/public_html/app/Http/Middleware/AuthMiddleware.php:18)
[stacktrace]
#0 /home/admin/webserver/web/api.sergivanov.ru/public_html/vendor/illuminate/pipeline/Pipeline.php(180): App\\Http\\Middleware\\AuthMiddleware->handle()
#1 /home/admin/webserver/web/api.sergivanov.ru/public_html/vendor/laravel/lumen-framework/src/Routing/Pipeline.php(30): Illuminate\\Pipeline\\Pipeline->Illuminate\\Pipeline\\{closure}()
#2 /home/admin/webserver/web/api.sergivanov.ru/public_html/app/Http/Middleware/CorsMiddleware.php(30): Laravel\\Lumen\\Routing\\Pipeline->Laravel\\Lumen\\Routing\\{closure}()
#3 /home/admin/webserver/web/api.sergivanov.ru/public_html/vendor/illuminate/pipeline/Pipeline.php(180): App\\Http\\Middleware\\CorsMiddleware->handle()
#4 /home/admin/webserver/web/api.sergivanov.ru/public_html/vendor/laravel/lumen-framework/src/Routing/Pipeline.php(30): Illuminate\\Pipeline\\Pipeline->Illuminate\\Pipeline\\{closure}()
#5 /home/admin/webserver/web/api.sergivanov.ru/public_html/vendor/illuminate/pipeline/Pipeline.php(116): Laravel\\Lumen\\Routing\\Pipeline->Laravel\\Lumen\\Routing\\{closure}()
#6 /home/admin/webserver/web/api.sergivanov.ru/public_html/vendor/laravel/lumen-framework/src/Concerns/RoutesRequests.php(428): Illuminate\\Pipeline\\Pipeline->then()
#7 /home/admin/webserver/web/api.sergivanov.ru/public_html/vendor/laravel/lumen-framework/src/Concerns/RoutesRequests.php(263): Laravel\\Lumen\\Application->sendThroughPipeline()
#8 /home/admin/webserver/web/api.sergivanov.ru/public_html/vendor/laravel/lumen-framework/src/Concerns/RoutesRequests.php(171): Laravel\\Lumen\\Application->handleFoundRoute()
#9 /home/admin/webserver/web/api.sergivanov.ru/public_html/vendor/laravel/lumen-framework/src/Routing/Pipeline.php(48): Laravel\\Lumen\\Application->Laravel\\Lumen\\Concerns\\{closure}()
#10 /home/admin/webserver/web/api.sergivanov.ru/public_html/app/Http/Middleware/CorsMiddleware.php(30): Laravel\\Lumen\\Routing\\Pipeline->Laravel\\Lumen\\Routing\\{closure}()
#11 /home/admin/webserver/web/api.sergivanov.ru/public_html/vendor/illuminate/pipeline/Pipeline.php(180): App\\Http\\Middleware\\CorsMiddleware->handle()
#12 /home/admin/webserver/web/api.sergivanov.ru/public_html/vendor/laravel/lumen-framework/src/Routing/Pipeline.php(30): Illuminate\\Pipeline\\Pipeline->Illuminate\\Pipeline\\{closure}()
#13 /home/admin/webserver/web/api.sergivanov.ru/public_html/vendor/illuminate/pipeline/Pipeline.php(116): Laravel\\Lumen\\Routing\\Pipeline->Laravel\\Lumen\\Routing\\{closure}()
#14 /home/admin/webserver/web/api.sergivanov.ru/public_html/vendor/laravel/lumen-framework/src/Concerns/RoutesRequests.php(428): Illuminate\\Pipeline\\Pipeline->then()
#15 /home/admin/webserver/web/api.sergivanov.ru/public_html/vendor/laravel/lumen-framework/src/Concerns/RoutesRequests.php(167): Laravel\\Lumen\\Application->sendThroughPipeline()
#16 /home/admin/webserver/web/api.sergivanov.ru/public_html/vendor/laravel/lumen-framework/src/Concerns/RoutesRequests.php(112): Laravel\\Lumen\\Application->dispatch()
#17 /home/admin/webserver/web/api.sergivanov.ru/public_html/public/index.php(28): Laravel\\Lumen\\Application->run()
#18 {main}
"} 
[2025-03-01 10:01:16] local.ERROR: Attempt to assign property "user_id" on null {"exception":"[object] (Error(code: 0): Attempt to assign property \"user_id\" on null at /home/admin/webserver/web/api.sergivanov.ru/public_html/app/Http/Controllers/UserController.php:384)
[stacktrace]
#0 /home/admin/webserver/web/api.sergivanov.ru/public_html/vendor/illuminate/container/BoundMethod.php(36): App\\Http\\Controllers\\UserController->newUser()
#1 /home/admin/webserver/web/api.sergivanov.ru/public_html/vendor/illuminate/container/Util.php(41): Illuminate\\Container\\BoundMethod::Illuminate\\Container\\{closure}()
#2 /home/admin/webserver/web/api.sergivanov.ru/public_html/vendor/illuminate/container/BoundMethod.php(93): Illuminate\\Container\\Util::unwrapIfClosure()
#3 /home/admin/webserver/web/api.sergivanov.ru/public_html/vendor/illuminate/container/BoundMethod.php(35): Illuminate\\Container\\BoundMethod::callBoundMethod()
#4 /home/admin/webserver/web/api.sergivanov.ru/public_html/vendor/illuminate/container/Container.php(661): Illuminate\\Container\\BoundMethod::call()
#5 /home/admin/webserver/web/api.sergivanov.ru/public_html/vendor/laravel/lumen-framework/src/Concerns/RoutesRequests.php(391): Illuminate\\Container\\Container->call()
#6 /home/admin/webserver/web/api.sergivanov.ru/public_html/vendor/laravel/lumen-framework/src/Concerns/RoutesRequests.php(356): Laravel\\Lumen\\Application->callControllerCallable()
#7 /home/admin/webserver/web/api.sergivanov.ru/public_html/vendor/laravel/lumen-framework/src/Concerns/RoutesRequests.php(331): Laravel\\Lumen\\Application->callLumenController()
#8 /home/admin/webserver/web/api.sergivanov.ru/public_html/vendor/laravel/lumen-framework/src/Concerns/RoutesRequests.php(284): Laravel\\Lumen\\Application->callControllerAction()
#9 /home/admin/webserver/web/api.sergivanov.ru/public_html/vendor/laravel/lumen-framework/src/Concerns/RoutesRequests.php(264): Laravel\\Lumen\\Application->callActionOnArrayBasedRoute()
#10 /home/admin/webserver/web/api.sergivanov.ru/public_html/vendor/laravel/lumen-framework/src/Routing/Pipeline.php(48): Laravel\\Lumen\\Application->Laravel\\Lumen\\Concerns\\{closure}()
#11 /home/admin/webserver/web/api.sergivanov.ru/public_html/vendor/rogervila/lumen-rate-limiting/src/ThrottleRequests.php(129): Laravel\\Lumen\\Routing\\Pipeline->Laravel\\Lumen\\Routing\\{closure}()
#12 /home/admin/webserver/web/api.sergivanov.ru/public_html/vendor/rogervila/lumen-rate-limiting/src/ThrottleRequests.php(95): LumenRateLimiting\\ThrottleRequests->handleRequest()
#13 /home/admin/webserver/web/api.sergivanov.ru/public_html/vendor/rogervila/lumen-rate-limiting/src/ThrottleRequests.php(57): LumenRateLimiting\\ThrottleRequests->handleRequestUsingNamedLimiter()
#14 /home/admin/webserver/web/api.sergivanov.ru/public_html/vendor/illuminate/pipeline/Pipeline.php(180): LumenRateLimiting\\ThrottleRequests->handle()
#15 /home/admin/webserver/web/api.sergivanov.ru/public_html/vendor/laravel/lumen-framework/src/Routing/Pipeline.php(30): Illuminate\\Pipeline\\Pipeline->Illuminate\\Pipeline\\{closure}()
#16 /home/admin/webserver/web/api.sergivanov.ru/public_html/app/Http/Middleware/CorsMiddleware.php(30): Laravel\\Lumen\\Routing\\Pipeline->Laravel\\Lumen\\Routing\\{closure}()
#17 /home/admin/webserver/web/api.sergivanov.ru/public_html/vendor/illuminate/pipeline/Pipeline.php(180): App\\Http\\Middleware\\CorsMiddleware->handle()
#18 /home/admin/webserver/web/api.sergivanov.ru/public_html/vendor/laravel/lumen-framework/src/Routing/Pipeline.php(30): Illuminate\\Pipeline\\Pipeline->Illuminate\\Pipeline\\{closure}()
#19 /home/admin/webserver/web/api.sergivanov.ru/public_html/vendor/illuminate/pipeline/Pipeline.php(116): Laravel\\Lumen\\Routing\\Pipeline->Laravel\\Lumen\\Routing\\{closure}()
#20 /home/admin/webserver/web/api.sergivanov.ru/public_html/vendor/laravel/lumen-framework/src/Concerns/RoutesRequests.php(428): Illuminate\\Pipeline\\Pipeline->then()
#21 /home/admin/webserver/web/api.sergivanov.ru/public_html/vendor/laravel/lumen-framework/src/Concerns/RoutesRequests.php(263): Laravel\\Lumen\\Application->sendThroughPipeline()
#22 /home/admin/webserver/web/api.sergivanov.ru/public_html/vendor/laravel/lumen-framework/src/Concerns/RoutesRequests.php(171): Laravel\\Lumen\\Application->handleFoundRoute()
#23 /home/admin/webserver/web/api.sergivanov.ru/public_html/vendor/laravel/lumen-framework/src/Routing/Pipeline.php(48): Laravel\\Lumen\\Application->Laravel\\Lumen\\Concerns\\{closure}()
#24 /home/admin/webserver/web/api.sergivanov.ru/public_html/app/Http/Middleware/CorsMiddleware.php(30): Laravel\\Lumen\\Routing\\Pipeline->Laravel\\Lumen\\Routing\\{closure}()
#25 /home/admin/webserver/web/api.sergivanov.ru/public_html/vendor/illuminate/pipeline/Pipeline.php(180): App\\Http\\Middleware\\CorsMiddleware->handle()
#26 /home/admin/webserver/web/api.sergivanov.ru/public_html/vendor/laravel/lumen-framework/src/Routing/Pipeline.php(30): Illuminate\\Pipeline\\Pipeline->Illuminate\\Pipeline\\{closure}()
#27 /home/admin/webserver/web/api.sergivanov.ru/public_html/vendor/illuminate/pipeline/Pipeline.php(116): Laravel\\Lumen\\Routing\\Pipeline->Laravel\\Lumen\\Routing\\{closure}()
#28 /home/admin/webserver/web/api.sergivanov.ru/public_html/vendor/laravel/lumen-framework/src/Concerns/RoutesRequests.php(428): Illuminate\\Pipeline\\Pipeline->then()
#29 /home/admin/webserver/web/api.sergivanov.ru/public_html/vendor/laravel/lumen-framework/src/Concerns/RoutesRequests.php(167): Laravel\\Lumen\\Application->sendThroughPipeline()
#30 /home/admin/webserver/web/api.sergivanov.ru/public_html/vendor/laravel/lumen-framework/src/Concerns/RoutesRequests.php(112): Laravel\\Lumen\\Application->dispatch()
#31 /home/admin/webserver/web/api.sergivanov.ru/public_html/public/index.php(28): Laravel\\Lumen\\Application->run()
#32 {main}
"} 
[2025-03-01 10:28:28] local.ERROR: Unauthenticated. {"exception":"[object] (Illuminate\\Auth\\AuthenticationException(code: 0): Unauthenticated. at /home/admin/webserver/web/api.sergivanov.ru/public_html/app/Http/Middleware/AuthMiddleware.php:18)
[stacktrace]
#0 /home/admin/webserver/web/api.sergivanov.ru/public_html/vendor/illuminate/pipeline/Pipeline.php(180): App\\Http\\Middleware\\AuthMiddleware->handle()
#1 /home/admin/webserver/web/api.sergivanov.ru/public_html/vendor/laravel/lumen-framework/src/Routing/Pipeline.php(30): Illuminate\\Pipeline\\Pipeline->Illuminate\\Pipeline\\{closure}()
#2 /home/admin/webserver/web/api.sergivanov.ru/public_html/app/Http/Middleware/CorsMiddleware.php(30): Laravel\\Lumen\\Routing\\Pipeline->Laravel\\Lumen\\Routing\\{closure}()
#3 /home/admin/webserver/web/api.sergivanov.ru/public_html/vendor/illuminate/pipeline/Pipeline.php(180): App\\Http\\Middleware\\CorsMiddleware->handle()
#4 /home/admin/webserver/web/api.sergivanov.ru/public_html/vendor/laravel/lumen-framework/src/Routing/Pipeline.php(30): Illuminate\\Pipeline\\Pipeline->Illuminate\\Pipeline\\{closure}()
#5 /home/admin/webserver/web/api.sergivanov.ru/public_html/vendor/illuminate/pipeline/Pipeline.php(116): Laravel\\Lumen\\Routing\\Pipeline->Laravel\\Lumen\\Routing\\{closure}()
#6 /home/admin/webserver/web/api.sergivanov.ru/public_html/vendor/laravel/lumen-framework/src/Concerns/RoutesRequests.php(428): Illuminate\\Pipeline\\Pipeline->then()
#7 /home/admin/webserver/web/api.sergivanov.ru/public_html/vendor/laravel/lumen-framework/src/Concerns/RoutesRequests.php(263): Laravel\\Lumen\\Application->sendThroughPipeline()
#8 /home/admin/webserver/web/api.sergivanov.ru/public_html/vendor/laravel/lumen-framework/src/Concerns/RoutesRequests.php(171): Laravel\\Lumen\\Application->handleFoundRoute()
#9 /home/admin/webserver/web/api.sergivanov.ru/public_html/vendor/laravel/lumen-framework/src/Routing/Pipeline.php(48): Laravel\\Lumen\\Application->Laravel\\Lumen\\Concerns\\{closure}()
#10 /home/admin/webserver/web/api.sergivanov.ru/public_html/app/Http/Middleware/CorsMiddleware.php(30): Laravel\\Lumen\\Routing\\Pipeline->Laravel\\Lumen\\Routing\\{closure}()
#11 /home/admin/webserver/web/api.sergivanov.ru/public_html/vendor/illuminate/pipeline/Pipeline.php(180): App\\Http\\Middleware\\CorsMiddleware->handle()
#12 /home/admin/webserver/web/api.sergivanov.ru/public_html/vendor/laravel/lumen-framework/src/Routing/Pipeline.php(30): Illuminate\\Pipeline\\Pipeline->Illuminate\\Pipeline\\{closure}()
#13 /home/admin/webserver/web/api.sergivanov.ru/public_html/vendor/illuminate/pipeline/Pipeline.php(116): Laravel\\Lumen\\Routing\\Pipeline->Laravel\\Lumen\\Routing\\{closure}()
#14 /home/admin/webserver/web/api.sergivanov.ru/public_html/vendor/laravel/lumen-framework/src/Concerns/RoutesRequests.php(428): Illuminate\\Pipeline\\Pipeline->then()
#15 /home/admin/webserver/web/api.sergivanov.ru/public_html/vendor/laravel/lumen-framework/src/Concerns/RoutesRequests.php(167): Laravel\\Lumen\\Application->sendThroughPipeline()
#16 /home/admin/webserver/web/api.sergivanov.ru/public_html/vendor/laravel/lumen-framework/src/Concerns/RoutesRequests.php(112): Laravel\\Lumen\\Application->dispatch()
#17 /home/admin/webserver/web/api.sergivanov.ru/public_html/public/index.php(28): Laravel\\Lumen\\Application->run()
#18 {main}
"} 
[2025-03-01 10:28:37] local.ERROR: Unauthenticated. {"exception":"[object] (Illuminate\\Auth\\AuthenticationException(code: 0): Unauthenticated. at /home/admin/webserver/web/api.sergivanov.ru/public_html/app/Http/Middleware/AuthMiddleware.php:18)
[stacktrace]
#0 /home/admin/webserver/web/api.sergivanov.ru/public_html/vendor/illuminate/pipeline/Pipeline.php(180): App\\Http\\Middleware\\AuthMiddleware->handle()
#1 /home/admin/webserver/web/api.sergivanov.ru/public_html/vendor/laravel/lumen-framework/src/Routing/Pipeline.php(30): Illuminate\\Pipeline\\Pipeline->Illuminate\\Pipeline\\{closure}()
#2 /home/admin/webserver/web/api.sergivanov.ru/public_html/app/Http/Middleware/CorsMiddleware.php(30): Laravel\\Lumen\\Routing\\Pipeline->Laravel\\Lumen\\Routing\\{closure}()
#3 /home/admin/webserver/web/api.sergivanov.ru/public_html/vendor/illuminate/pipeline/Pipeline.php(180): App\\Http\\Middleware\\CorsMiddleware->handle()
#4 /home/admin/webserver/web/api.sergivanov.ru/public_html/vendor/laravel/lumen-framework/src/Routing/Pipeline.php(30): Illuminate\\Pipeline\\Pipeline->Illuminate\\Pipeline\\{closure}()
#5 /home/admin/webserver/web/api.sergivanov.ru/public_html/vendor/illuminate/pipeline/Pipeline.php(116): Laravel\\Lumen\\Routing\\Pipeline->Laravel\\Lumen\\Routing\\{closure}()
#6 /home/admin/webserver/web/api.sergivanov.ru/public_html/vendor/laravel/lumen-framework/src/Concerns/RoutesRequests.php(428): Illuminate\\Pipeline\\Pipeline->then()
#7 /home/admin/webserver/web/api.sergivanov.ru/public_html/vendor/laravel/lumen-framework/src/Concerns/RoutesRequests.php(263): Laravel\\Lumen\\Application->sendThroughPipeline()
#8 /home/admin/webserver/web/api.sergivanov.ru/public_html/vendor/laravel/lumen-framework/src/Concerns/RoutesRequests.php(171): Laravel\\Lumen\\Application->handleFoundRoute()
#9 /home/admin/webserver/web/api.sergivanov.ru/public_html/vendor/laravel/lumen-framework/src/Routing/Pipeline.php(48): Laravel\\Lumen\\Application->Laravel\\Lumen\\Concerns\\{closure}()
#10 /home/admin/webserver/web/api.sergivanov.ru/public_html/app/Http/Middleware/CorsMiddleware.php(30): Laravel\\Lumen\\Routing\\Pipeline->Laravel\\Lumen\\Routing\\{closure}()
#11 /home/admin/webserver/web/api.sergivanov.ru/public_html/vendor/illuminate/pipeline/Pipeline.php(180): App\\Http\\Middleware\\CorsMiddleware->handle()
#12 /home/admin/webserver/web/api.sergivanov.ru/public_html/vendor/laravel/lumen-framework/src/Routing/Pipeline.php(30): Illuminate\\Pipeline\\Pipeline->Illuminate\\Pipeline\\{closure}()
#13 /home/admin/webserver/web/api.sergivanov.ru/public_html/vendor/illuminate/pipeline/Pipeline.php(116): Laravel\\Lumen\\Routing\\Pipeline->Laravel\\Lumen\\Routing\\{closure}()
#14 /home/admin/webserver/web/api.sergivanov.ru/public_html/vendor/laravel/lumen-framework/src/Concerns/RoutesRequests.php(428): Illuminate\\Pipeline\\Pipeline->then()
#15 /home/admin/webserver/web/api.sergivanov.ru/public_html/vendor/laravel/lumen-framework/src/Concerns/RoutesRequests.php(167): Laravel\\Lumen\\Application->sendThroughPipeline()
#16 /home/admin/webserver/web/api.sergivanov.ru/public_html/vendor/laravel/lumen-framework/src/Concerns/RoutesRequests.php(112): Laravel\\Lumen\\Application->dispatch()
#17 /home/admin/webserver/web/api.sergivanov.ru/public_html/public/index.php(28): Laravel\\Lumen\\Application->run()
#18 {main}
"} 
[2025-03-01 10:43:25] local.INFO:   
[2025-03-01 10:51:10] local.INFO: Отправка смс:  {"error":1,"error_messages":["Ошибка выполнения запроса к API серверу. Код ошибки CURL - 6. Пояснение по ошибке: Could not resolve host: userarea.sms-assistent.by"],"result":false,"type":"json"} 
[2025-03-01 11:11:53] local.INFO: Отправка смс:  {"error":0,"error_messages":[],"result":[{"sms_code":1325366770,"sms_count":0,"sms_error":0,"sms_error_code":0,"sms_error_msg":"","operator_code":0,"sms_tel":79623261990}],"type":"json"} 
[2025-03-01 11:24:39] local.ERROR: Unauthenticated. {"exception":"[object] (Illuminate\\Auth\\AuthenticationException(code: 0): Unauthenticated. at /home/admin/webserver/web/api.sergivanov.ru/public_html/app/Http/Middleware/AuthMiddleware.php:18)
[stacktrace]
#0 /home/admin/webserver/web/api.sergivanov.ru/public_html/vendor/illuminate/pipeline/Pipeline.php(180): App\\Http\\Middleware\\AuthMiddleware->handle()
#1 /home/admin/webserver/web/api.sergivanov.ru/public_html/vendor/laravel/lumen-framework/src/Routing/Pipeline.php(30): Illuminate\\Pipeline\\Pipeline->Illuminate\\Pipeline\\{closure}()
#2 /home/admin/webserver/web/api.sergivanov.ru/public_html/app/Http/Middleware/CorsMiddleware.php(30): Laravel\\Lumen\\Routing\\Pipeline->Laravel\\Lumen\\Routing\\{closure}()
#3 /home/admin/webserver/web/api.sergivanov.ru/public_html/vendor/illuminate/pipeline/Pipeline.php(180): App\\Http\\Middleware\\CorsMiddleware->handle()
#4 /home/admin/webserver/web/api.sergivanov.ru/public_html/vendor/laravel/lumen-framework/src/Routing/Pipeline.php(30): Illuminate\\Pipeline\\Pipeline->Illuminate\\Pipeline\\{closure}()
#5 /home/admin/webserver/web/api.sergivanov.ru/public_html/vendor/illuminate/pipeline/Pipeline.php(116): Laravel\\Lumen\\Routing\\Pipeline->Laravel\\Lumen\\Routing\\{closure}()
#6 /home/admin/webserver/web/api.sergivanov.ru/public_html/vendor/laravel/lumen-framework/src/Concerns/RoutesRequests.php(428): Illuminate\\Pipeline\\Pipeline->then()
#7 /home/admin/webserver/web/api.sergivanov.ru/public_html/vendor/laravel/lumen-framework/src/Concerns/RoutesRequests.php(263): Laravel\\Lumen\\Application->sendThroughPipeline()
#8 /home/admin/webserver/web/api.sergivanov.ru/public_html/vendor/laravel/lumen-framework/src/Concerns/RoutesRequests.php(171): Laravel\\Lumen\\Application->handleFoundRoute()
#9 /home/admin/webserver/web/api.sergivanov.ru/public_html/vendor/laravel/lumen-framework/src/Routing/Pipeline.php(48): Laravel\\Lumen\\Application->Laravel\\Lumen\\Concerns\\{closure}()
#10 /home/admin/webserver/web/api.sergivanov.ru/public_html/app/Http/Middleware/CorsMiddleware.php(30): Laravel\\Lumen\\Routing\\Pipeline->Laravel\\Lumen\\Routing\\{closure}()
#11 /home/admin/webserver/web/api.sergivanov.ru/public_html/vendor/illuminate/pipeline/Pipeline.php(180): App\\Http\\Middleware\\CorsMiddleware->handle()
#12 /home/admin/webserver/web/api.sergivanov.ru/public_html/vendor/laravel/lumen-framework/src/Routing/Pipeline.php(30): Illuminate\\Pipeline\\Pipeline->Illuminate\\Pipeline\\{closure}()
#13 /home/admin/webserver/web/api.sergivanov.ru/public_html/vendor/illuminate/pipeline/Pipeline.php(116): Laravel\\Lumen\\Routing\\Pipeline->Laravel\\Lumen\\Routing\\{closure}()
#14 /home/admin/webserver/web/api.sergivanov.ru/public_html/vendor/laravel/lumen-framework/src/Concerns/RoutesRequests.php(428): Illuminate\\Pipeline\\Pipeline->then()
#15 /home/admin/webserver/web/api.sergivanov.ru/public_html/vendor/laravel/lumen-framework/src/Concerns/RoutesRequests.php(167): Laravel\\Lumen\\Application->sendThroughPipeline()
#16 /home/admin/webserver/web/api.sergivanov.ru/public_html/vendor/laravel/lumen-framework/src/Concerns/RoutesRequests.php(112): Laravel\\Lumen\\Application->dispatch()
#17 /home/admin/webserver/web/api.sergivanov.ru/public_html/public/index.php(28): Laravel\\Lumen\\Application->run()
#18 {main}
"} 
[2025-03-01 11:24:49] local.ERROR: Unauthenticated. {"exception":"[object] (Illuminate\\Auth\\AuthenticationException(code: 0): Unauthenticated. at /home/admin/webserver/web/api.sergivanov.ru/public_html/app/Http/Middleware/AuthMiddleware.php:18)
[stacktrace]
#0 /home/admin/webserver/web/api.sergivanov.ru/public_html/vendor/illuminate/pipeline/Pipeline.php(180): App\\Http\\Middleware\\AuthMiddleware->handle()
#1 /home/admin/webserver/web/api.sergivanov.ru/public_html/vendor/laravel/lumen-framework/src/Routing/Pipeline.php(30): Illuminate\\Pipeline\\Pipeline->Illuminate\\Pipeline\\{closure}()
#2 /home/admin/webserver/web/api.sergivanov.ru/public_html/app/Http/Middleware/CorsMiddleware.php(30): Laravel\\Lumen\\Routing\\Pipeline->Laravel\\Lumen\\Routing\\{closure}()
#3 /home/admin/webserver/web/api.sergivanov.ru/public_html/vendor/illuminate/pipeline/Pipeline.php(180): App\\Http\\Middleware\\CorsMiddleware->handle()
#4 /home/admin/webserver/web/api.sergivanov.ru/public_html/vendor/laravel/lumen-framework/src/Routing/Pipeline.php(30): Illuminate\\Pipeline\\Pipeline->Illuminate\\Pipeline\\{closure}()
#5 /home/admin/webserver/web/api.sergivanov.ru/public_html/vendor/illuminate/pipeline/Pipeline.php(116): Laravel\\Lumen\\Routing\\Pipeline->Laravel\\Lumen\\Routing\\{closure}()
#6 /home/admin/webserver/web/api.sergivanov.ru/public_html/vendor/laravel/lumen-framework/src/Concerns/RoutesRequests.php(428): Illuminate\\Pipeline\\Pipeline->then()
#7 /home/admin/webserver/web/api.sergivanov.ru/public_html/vendor/laravel/lumen-framework/src/Concerns/RoutesRequests.php(263): Laravel\\Lumen\\Application->sendThroughPipeline()
#8 /home/admin/webserver/web/api.sergivanov.ru/public_html/vendor/laravel/lumen-framework/src/Concerns/RoutesRequests.php(171): Laravel\\Lumen\\Application->handleFoundRoute()
#9 /home/admin/webserver/web/api.sergivanov.ru/public_html/vendor/laravel/lumen-framework/src/Routing/Pipeline.php(48): Laravel\\Lumen\\Application->Laravel\\Lumen\\Concerns\\{closure}()
#10 /home/admin/webserver/web/api.sergivanov.ru/public_html/app/Http/Middleware/CorsMiddleware.php(30): Laravel\\Lumen\\Routing\\Pipeline->Laravel\\Lumen\\Routing\\{closure}()
#11 /home/admin/webserver/web/api.sergivanov.ru/public_html/vendor/illuminate/pipeline/Pipeline.php(180): App\\Http\\Middleware\\CorsMiddleware->handle()
#12 /home/admin/webserver/web/api.sergivanov.ru/public_html/vendor/laravel/lumen-framework/src/Routing/Pipeline.php(30): Illuminate\\Pipeline\\Pipeline->Illuminate\\Pipeline\\{closure}()
#13 /home/admin/webserver/web/api.sergivanov.ru/public_html/vendor/illuminate/pipeline/Pipeline.php(116): Laravel\\Lumen\\Routing\\Pipeline->Laravel\\Lumen\\Routing\\{closure}()
#14 /home/admin/webserver/web/api.sergivanov.ru/public_html/vendor/laravel/lumen-framework/src/Concerns/RoutesRequests.php(428): Illuminate\\Pipeline\\Pipeline->then()
#15 /home/admin/webserver/web/api.sergivanov.ru/public_html/vendor/laravel/lumen-framework/src/Concerns/RoutesRequests.php(167): Laravel\\Lumen\\Application->sendThroughPipeline()
#16 /home/admin/webserver/web/api.sergivanov.ru/public_html/vendor/laravel/lumen-framework/src/Concerns/RoutesRequests.php(112): Laravel\\Lumen\\Application->dispatch()
#17 /home/admin/webserver/web/api.sergivanov.ru/public_html/public/index.php(28): Laravel\\Lumen\\Application->run()
#18 {main}
"} 
[2025-03-01 11:25:21] local.ERROR: Unauthenticated. {"exception":"[object] (Illuminate\\Auth\\AuthenticationException(code: 0): Unauthenticated. at /home/admin/webserver/web/api.sergivanov.ru/public_html/app/Http/Middleware/AuthMiddleware.php:18)
[stacktrace]
#0 /home/admin/webserver/web/api.sergivanov.ru/public_html/vendor/illuminate/pipeline/Pipeline.php(180): App\\Http\\Middleware\\AuthMiddleware->handle()
#1 /home/admin/webserver/web/api.sergivanov.ru/public_html/vendor/laravel/lumen-framework/src/Routing/Pipeline.php(30): Illuminate\\Pipeline\\Pipeline->Illuminate\\Pipeline\\{closure}()
#2 /home/admin/webserver/web/api.sergivanov.ru/public_html/app/Http/Middleware/CorsMiddleware.php(30): Laravel\\Lumen\\Routing\\Pipeline->Laravel\\Lumen\\Routing\\{closure}()
#3 /home/admin/webserver/web/api.sergivanov.ru/public_html/vendor/illuminate/pipeline/Pipeline.php(180): App\\Http\\Middleware\\CorsMiddleware->handle()
#4 /home/admin/webserver/web/api.sergivanov.ru/public_html/vendor/laravel/lumen-framework/src/Routing/Pipeline.php(30): Illuminate\\Pipeline\\Pipeline->Illuminate\\Pipeline\\{closure}()
#5 /home/admin/webserver/web/api.sergivanov.ru/public_html/vendor/illuminate/pipeline/Pipeline.php(116): Laravel\\Lumen\\Routing\\Pipeline->Laravel\\Lumen\\Routing\\{closure}()
#6 /home/admin/webserver/web/api.sergivanov.ru/public_html/vendor/laravel/lumen-framework/src/Concerns/RoutesRequests.php(428): Illuminate\\Pipeline\\Pipeline->then()
#7 /home/admin/webserver/web/api.sergivanov.ru/public_html/vendor/laravel/lumen-framework/src/Concerns/RoutesRequests.php(263): Laravel\\Lumen\\Application->sendThroughPipeline()
#8 /home/admin/webserver/web/api.sergivanov.ru/public_html/vendor/laravel/lumen-framework/src/Concerns/RoutesRequests.php(171): Laravel\\Lumen\\Application->handleFoundRoute()
#9 /home/admin/webserver/web/api.sergivanov.ru/public_html/vendor/laravel/lumen-framework/src/Routing/Pipeline.php(48): Laravel\\Lumen\\Application->Laravel\\Lumen\\Concerns\\{closure}()
#10 /home/admin/webserver/web/api.sergivanov.ru/public_html/app/Http/Middleware/CorsMiddleware.php(30): Laravel\\Lumen\\Routing\\Pipeline->Laravel\\Lumen\\Routing\\{closure}()
#11 /home/admin/webserver/web/api.sergivanov.ru/public_html/vendor/illuminate/pipeline/Pipeline.php(180): App\\Http\\Middleware\\CorsMiddleware->handle()
#12 /home/admin/webserver/web/api.sergivanov.ru/public_html/vendor/laravel/lumen-framework/src/Routing/Pipeline.php(30): Illuminate\\Pipeline\\Pipeline->Illuminate\\Pipeline\\{closure}()
#13 /home/admin/webserver/web/api.sergivanov.ru/public_html/vendor/illuminate/pipeline/Pipeline.php(116): Laravel\\Lumen\\Routing\\Pipeline->Laravel\\Lumen\\Routing\\{closure}()
#14 /home/admin/webserver/web/api.sergivanov.ru/public_html/vendor/laravel/lumen-framework/src/Concerns/RoutesRequests.php(428): Illuminate\\Pipeline\\Pipeline->then()
#15 /home/admin/webserver/web/api.sergivanov.ru/public_html/vendor/laravel/lumen-framework/src/Concerns/RoutesRequests.php(167): Laravel\\Lumen\\Application->sendThroughPipeline()
#16 /home/admin/webserver/web/api.sergivanov.ru/public_html/vendor/laravel/lumen-framework/src/Concerns/RoutesRequests.php(112): Laravel\\Lumen\\Application->dispatch()
#17 /home/admin/webserver/web/api.sergivanov.ru/public_html/public/index.php(28): Laravel\\Lumen\\Application->run()
#18 {main}
"} 
[2025-03-01 11:27:28] local.ERROR: Unauthenticated. {"exception":"[object] (Illuminate\\Auth\\AuthenticationException(code: 0): Unauthenticated. at /home/admin/webserver/web/api.sergivanov.ru/public_html/app/Http/Middleware/AuthMiddleware.php:18)
[stacktrace]
#0 /home/admin/webserver/web/api.sergivanov.ru/public_html/vendor/illuminate/pipeline/Pipeline.php(180): App\\Http\\Middleware\\AuthMiddleware->handle()
#1 /home/admin/webserver/web/api.sergivanov.ru/public_html/vendor/laravel/lumen-framework/src/Routing/Pipeline.php(30): Illuminate\\Pipeline\\Pipeline->Illuminate\\Pipeline\\{closure}()
#2 /home/admin/webserver/web/api.sergivanov.ru/public_html/app/Http/Middleware/CorsMiddleware.php(30): Laravel\\Lumen\\Routing\\Pipeline->Laravel\\Lumen\\Routing\\{closure}()
#3 /home/admin/webserver/web/api.sergivanov.ru/public_html/vendor/illuminate/pipeline/Pipeline.php(180): App\\Http\\Middleware\\CorsMiddleware->handle()
#4 /home/admin/webserver/web/api.sergivanov.ru/public_html/vendor/laravel/lumen-framework/src/Routing/Pipeline.php(30): Illuminate\\Pipeline\\Pipeline->Illuminate\\Pipeline\\{closure}()
#5 /home/admin/webserver/web/api.sergivanov.ru/public_html/vendor/illuminate/pipeline/Pipeline.php(116): Laravel\\Lumen\\Routing\\Pipeline->Laravel\\Lumen\\Routing\\{closure}()
#6 /home/admin/webserver/web/api.sergivanov.ru/public_html/vendor/laravel/lumen-framework/src/Concerns/RoutesRequests.php(428): Illuminate\\Pipeline\\Pipeline->then()
#7 /home/admin/webserver/web/api.sergivanov.ru/public_html/vendor/laravel/lumen-framework/src/Concerns/RoutesRequests.php(263): Laravel\\Lumen\\Application->sendThroughPipeline()
#8 /home/admin/webserver/web/api.sergivanov.ru/public_html/vendor/laravel/lumen-framework/src/Concerns/RoutesRequests.php(171): Laravel\\Lumen\\Application->handleFoundRoute()
#9 /home/admin/webserver/web/api.sergivanov.ru/public_html/vendor/laravel/lumen-framework/src/Routing/Pipeline.php(48): Laravel\\Lumen\\Application->Laravel\\Lumen\\Concerns\\{closure}()
#10 /home/admin/webserver/web/api.sergivanov.ru/public_html/app/Http/Middleware/CorsMiddleware.php(30): Laravel\\Lumen\\Routing\\Pipeline->Laravel\\Lumen\\Routing\\{closure}()
#11 /home/admin/webserver/web/api.sergivanov.ru/public_html/vendor/illuminate/pipeline/Pipeline.php(180): App\\Http\\Middleware\\CorsMiddleware->handle()
#12 /home/admin/webserver/web/api.sergivanov.ru/public_html/vendor/laravel/lumen-framework/src/Routing/Pipeline.php(30): Illuminate\\Pipeline\\Pipeline->Illuminate\\Pipeline\\{closure}()
#13 /home/admin/webserver/web/api.sergivanov.ru/public_html/vendor/illuminate/pipeline/Pipeline.php(116): Laravel\\Lumen\\Routing\\Pipeline->Laravel\\Lumen\\Routing\\{closure}()
#14 /home/admin/webserver/web/api.sergivanov.ru/public_html/vendor/laravel/lumen-framework/src/Concerns/RoutesRequests.php(428): Illuminate\\Pipeline\\Pipeline->then()
#15 /home/admin/webserver/web/api.sergivanov.ru/public_html/vendor/laravel/lumen-framework/src/Concerns/RoutesRequests.php(167): Laravel\\Lumen\\Application->sendThroughPipeline()
#16 /home/admin/webserver/web/api.sergivanov.ru/public_html/vendor/laravel/lumen-framework/src/Concerns/RoutesRequests.php(112): Laravel\\Lumen\\Application->dispatch()
#17 /home/admin/webserver/web/api.sergivanov.ru/public_html/public/index.php(28): Laravel\\Lumen\\Application->run()
#18 {main}
"} 
[2025-03-01 11:29:31] local.ERROR: Unauthenticated. {"exception":"[object] (Illuminate\\Auth\\AuthenticationException(code: 0): Unauthenticated. at /home/admin/webserver/web/api.sergivanov.ru/public_html/app/Http/Middleware/AuthMiddleware.php:18)
[stacktrace]
#0 /home/admin/webserver/web/api.sergivanov.ru/public_html/vendor/illuminate/pipeline/Pipeline.php(180): App\\Http\\Middleware\\AuthMiddleware->handle()
#1 /home/admin/webserver/web/api.sergivanov.ru/public_html/vendor/laravel/lumen-framework/src/Routing/Pipeline.php(30): Illuminate\\Pipeline\\Pipeline->Illuminate\\Pipeline\\{closure}()
#2 /home/admin/webserver/web/api.sergivanov.ru/public_html/app/Http/Middleware/CorsMiddleware.php(30): Laravel\\Lumen\\Routing\\Pipeline->Laravel\\Lumen\\Routing\\{closure}()
#3 /home/admin/webserver/web/api.sergivanov.ru/public_html/vendor/illuminate/pipeline/Pipeline.php(180): App\\Http\\Middleware\\CorsMiddleware->handle()
#4 /home/admin/webserver/web/api.sergivanov.ru/public_html/vendor/laravel/lumen-framework/src/Routing/Pipeline.php(30): Illuminate\\Pipeline\\Pipeline->Illuminate\\Pipeline\\{closure}()
#5 /home/admin/webserver/web/api.sergivanov.ru/public_html/vendor/illuminate/pipeline/Pipeline.php(116): Laravel\\Lumen\\Routing\\Pipeline->Laravel\\Lumen\\Routing\\{closure}()
#6 /home/admin/webserver/web/api.sergivanov.ru/public_html/vendor/laravel/lumen-framework/src/Concerns/RoutesRequests.php(428): Illuminate\\Pipeline\\Pipeline->then()
#7 /home/admin/webserver/web/api.sergivanov.ru/public_html/vendor/laravel/lumen-framework/src/Concerns/RoutesRequests.php(263): Laravel\\Lumen\\Application->sendThroughPipeline()
#8 /home/admin/webserver/web/api.sergivanov.ru/public_html/vendor/laravel/lumen-framework/src/Concerns/RoutesRequests.php(171): Laravel\\Lumen\\Application->handleFoundRoute()
#9 /home/admin/webserver/web/api.sergivanov.ru/public_html/vendor/laravel/lumen-framework/src/Routing/Pipeline.php(48): Laravel\\Lumen\\Application->Laravel\\Lumen\\Concerns\\{closure}()
#10 /home/admin/webserver/web/api.sergivanov.ru/public_html/app/Http/Middleware/CorsMiddleware.php(30): Laravel\\Lumen\\Routing\\Pipeline->Laravel\\Lumen\\Routing\\{closure}()
#11 /home/admin/webserver/web/api.sergivanov.ru/public_html/vendor/illuminate/pipeline/Pipeline.php(180): App\\Http\\Middleware\\CorsMiddleware->handle()
#12 /home/admin/webserver/web/api.sergivanov.ru/public_html/vendor/laravel/lumen-framework/src/Routing/Pipeline.php(30): Illuminate\\Pipeline\\Pipeline->Illuminate\\Pipeline\\{closure}()
#13 /home/admin/webserver/web/api.sergivanov.ru/public_html/vendor/illuminate/pipeline/Pipeline.php(116): Laravel\\Lumen\\Routing\\Pipeline->Laravel\\Lumen\\Routing\\{closure}()
#14 /home/admin/webserver/web/api.sergivanov.ru/public_html/vendor/laravel/lumen-framework/src/Concerns/RoutesRequests.php(428): Illuminate\\Pipeline\\Pipeline->then()
#15 /home/admin/webserver/web/api.sergivanov.ru/public_html/vendor/laravel/lumen-framework/src/Concerns/RoutesRequests.php(167): Laravel\\Lumen\\Application->sendThroughPipeline()
#16 /home/admin/webserver/web/api.sergivanov.ru/public_html/vendor/laravel/lumen-framework/src/Concerns/RoutesRequests.php(112): Laravel\\Lumen\\Application->dispatch()
#17 /home/admin/webserver/web/api.sergivanov.ru/public_html/public/index.php(28): Laravel\\Lumen\\Application->run()
#18 {main}
"} 
[2025-03-01 11:29:45] local.ERROR: Unauthenticated. {"exception":"[object] (Illuminate\\Auth\\AuthenticationException(code: 0): Unauthenticated. at /home/admin/webserver/web/api.sergivanov.ru/public_html/app/Http/Middleware/AuthMiddleware.php:18)
[stacktrace]
#0 /home/admin/webserver/web/api.sergivanov.ru/public_html/vendor/illuminate/pipeline/Pipeline.php(180): App\\Http\\Middleware\\AuthMiddleware->handle()
#1 /home/admin/webserver/web/api.sergivanov.ru/public_html/vendor/laravel/lumen-framework/src/Routing/Pipeline.php(30): Illuminate\\Pipeline\\Pipeline->Illuminate\\Pipeline\\{closure}()
#2 /home/admin/webserver/web/api.sergivanov.ru/public_html/app/Http/Middleware/CorsMiddleware.php(30): Laravel\\Lumen\\Routing\\Pipeline->Laravel\\Lumen\\Routing\\{closure}()
#3 /home/admin/webserver/web/api.sergivanov.ru/public_html/vendor/illuminate/pipeline/Pipeline.php(180): App\\Http\\Middleware\\CorsMiddleware->handle()
#4 /home/admin/webserver/web/api.sergivanov.ru/public_html/vendor/laravel/lumen-framework/src/Routing/Pipeline.php(30): Illuminate\\Pipeline\\Pipeline->Illuminate\\Pipeline\\{closure}()
#5 /home/admin/webserver/web/api.sergivanov.ru/public_html/vendor/illuminate/pipeline/Pipeline.php(116): Laravel\\Lumen\\Routing\\Pipeline->Laravel\\Lumen\\Routing\\{closure}()
#6 /home/admin/webserver/web/api.sergivanov.ru/public_html/vendor/laravel/lumen-framework/src/Concerns/RoutesRequests.php(428): Illuminate\\Pipeline\\Pipeline->then()
#7 /home/admin/webserver/web/api.sergivanov.ru/public_html/vendor/laravel/lumen-framework/src/Concerns/RoutesRequests.php(263): Laravel\\Lumen\\Application->sendThroughPipeline()
#8 /home/admin/webserver/web/api.sergivanov.ru/public_html/vendor/laravel/lumen-framework/src/Concerns/RoutesRequests.php(171): Laravel\\Lumen\\Application->handleFoundRoute()
#9 /home/admin/webserver/web/api.sergivanov.ru/public_html/vendor/laravel/lumen-framework/src/Routing/Pipeline.php(48): Laravel\\Lumen\\Application->Laravel\\Lumen\\Concerns\\{closure}()
#10 /home/admin/webserver/web/api.sergivanov.ru/public_html/app/Http/Middleware/CorsMiddleware.php(30): Laravel\\Lumen\\Routing\\Pipeline->Laravel\\Lumen\\Routing\\{closure}()
#11 /home/admin/webserver/web/api.sergivanov.ru/public_html/vendor/illuminate/pipeline/Pipeline.php(180): App\\Http\\Middleware\\CorsMiddleware->handle()
#12 /home/admin/webserver/web/api.sergivanov.ru/public_html/vendor/laravel/lumen-framework/src/Routing/Pipeline.php(30): Illuminate\\Pipeline\\Pipeline->Illuminate\\Pipeline\\{closure}()
#13 /home/admin/webserver/web/api.sergivanov.ru/public_html/vendor/illuminate/pipeline/Pipeline.php(116): Laravel\\Lumen\\Routing\\Pipeline->Laravel\\Lumen\\Routing\\{closure}()
#14 /home/admin/webserver/web/api.sergivanov.ru/public_html/vendor/laravel/lumen-framework/src/Concerns/RoutesRequests.php(428): Illuminate\\Pipeline\\Pipeline->then()
#15 /home/admin/webserver/web/api.sergivanov.ru/public_html/vendor/laravel/lumen-framework/src/Concerns/RoutesRequests.php(167): Laravel\\Lumen\\Application->sendThroughPipeline()
#16 /home/admin/webserver/web/api.sergivanov.ru/public_html/vendor/laravel/lumen-framework/src/Concerns/RoutesRequests.php(112): Laravel\\Lumen\\Application->dispatch()
#17 /home/admin/webserver/web/api.sergivanov.ru/public_html/public/index.php(28): Laravel\\Lumen\\Application->run()
#18 {main}
"} 
[2025-03-01 11:29:56] local.ERROR: Unauthenticated. {"exception":"[object] (Illuminate\\Auth\\AuthenticationException(code: 0): Unauthenticated. at /home/admin/webserver/web/api.sergivanov.ru/public_html/app/Http/Middleware/AuthMiddleware.php:18)
[stacktrace]
#0 /home/admin/webserver/web/api.sergivanov.ru/public_html/vendor/illuminate/pipeline/Pipeline.php(180): App\\Http\\Middleware\\AuthMiddleware->handle()
#1 /home/admin/webserver/web/api.sergivanov.ru/public_html/vendor/laravel/lumen-framework/src/Routing/Pipeline.php(30): Illuminate\\Pipeline\\Pipeline->Illuminate\\Pipeline\\{closure}()
#2 /home/admin/webserver/web/api.sergivanov.ru/public_html/app/Http/Middleware/CorsMiddleware.php(30): Laravel\\Lumen\\Routing\\Pipeline->Laravel\\Lumen\\Routing\\{closure}()
#3 /home/admin/webserver/web/api.sergivanov.ru/public_html/vendor/illuminate/pipeline/Pipeline.php(180): App\\Http\\Middleware\\CorsMiddleware->handle()
#4 /home/admin/webserver/web/api.sergivanov.ru/public_html/vendor/laravel/lumen-framework/src/Routing/Pipeline.php(30): Illuminate\\Pipeline\\Pipeline->Illuminate\\Pipeline\\{closure}()
#5 /home/admin/webserver/web/api.sergivanov.ru/public_html/vendor/illuminate/pipeline/Pipeline.php(116): Laravel\\Lumen\\Routing\\Pipeline->Laravel\\Lumen\\Routing\\{closure}()
#6 /home/admin/webserver/web/api.sergivanov.ru/public_html/vendor/laravel/lumen-framework/src/Concerns/RoutesRequests.php(428): Illuminate\\Pipeline\\Pipeline->then()
#7 /home/admin/webserver/web/api.sergivanov.ru/public_html/vendor/laravel/lumen-framework/src/Concerns/RoutesRequests.php(263): Laravel\\Lumen\\Application->sendThroughPipeline()
#8 /home/admin/webserver/web/api.sergivanov.ru/public_html/vendor/laravel/lumen-framework/src/Concerns/RoutesRequests.php(171): Laravel\\Lumen\\Application->handleFoundRoute()
#9 /home/admin/webserver/web/api.sergivanov.ru/public_html/vendor/laravel/lumen-framework/src/Routing/Pipeline.php(48): Laravel\\Lumen\\Application->Laravel\\Lumen\\Concerns\\{closure}()
#10 /home/admin/webserver/web/api.sergivanov.ru/public_html/app/Http/Middleware/CorsMiddleware.php(30): Laravel\\Lumen\\Routing\\Pipeline->Laravel\\Lumen\\Routing\\{closure}()
#11 /home/admin/webserver/web/api.sergivanov.ru/public_html/vendor/illuminate/pipeline/Pipeline.php(180): App\\Http\\Middleware\\CorsMiddleware->handle()
#12 /home/admin/webserver/web/api.sergivanov.ru/public_html/vendor/laravel/lumen-framework/src/Routing/Pipeline.php(30): Illuminate\\Pipeline\\Pipeline->Illuminate\\Pipeline\\{closure}()
#13 /home/admin/webserver/web/api.sergivanov.ru/public_html/vendor/illuminate/pipeline/Pipeline.php(116): Laravel\\Lumen\\Routing\\Pipeline->Laravel\\Lumen\\Routing\\{closure}()
#14 /home/admin/webserver/web/api.sergivanov.ru/public_html/vendor/laravel/lumen-framework/src/Concerns/RoutesRequests.php(428): Illuminate\\Pipeline\\Pipeline->then()
#15 /home/admin/webserver/web/api.sergivanov.ru/public_html/vendor/laravel/lumen-framework/src/Concerns/RoutesRequests.php(167): Laravel\\Lumen\\Application->sendThroughPipeline()
#16 /home/admin/webserver/web/api.sergivanov.ru/public_html/vendor/laravel/lumen-framework/src/Concerns/RoutesRequests.php(112): Laravel\\Lumen\\Application->dispatch()
#17 /home/admin/webserver/web/api.sergivanov.ru/public_html/public/index.php(28): Laravel\\Lumen\\Application->run()
#18 {main}
"} 
[2025-03-01 12:01:51] local.ERROR: Undefined array key "zooid" {"exception":"[object] (ErrorException(code: 0): Undefined array key \"zooid\" at /home/admin/webserver/web/api.sergivanov.ru/public_html/app/Http/Controllers/SubscribeController.php:34)
[stacktrace]
#0 /home/admin/webserver/web/api.sergivanov.ru/public_html/vendor/laravel/lumen-framework/src/Concerns/RegistersExceptionHandlers.php(47): Laravel\\Lumen\\Application->handleError()
#1 /home/admin/webserver/web/api.sergivanov.ru/public_html/app/Http/Controllers/SubscribeController.php(34): Laravel\\Lumen\\Application->Laravel\\Lumen\\Concerns\\{closure}()
#2 /home/admin/webserver/web/api.sergivanov.ru/public_html/vendor/illuminate/container/BoundMethod.php(36): App\\Http\\Controllers\\SubscribeController->getPrice()
#3 /home/admin/webserver/web/api.sergivanov.ru/public_html/vendor/illuminate/container/Util.php(41): Illuminate\\Container\\BoundMethod::Illuminate\\Container\\{closure}()
#4 /home/admin/webserver/web/api.sergivanov.ru/public_html/vendor/illuminate/container/BoundMethod.php(93): Illuminate\\Container\\Util::unwrapIfClosure()
#5 /home/admin/webserver/web/api.sergivanov.ru/public_html/vendor/illuminate/container/BoundMethod.php(35): Illuminate\\Container\\BoundMethod::callBoundMethod()
#6 /home/admin/webserver/web/api.sergivanov.ru/public_html/vendor/illuminate/container/Container.php(661): Illuminate\\Container\\BoundMethod::call()
#7 /home/admin/webserver/web/api.sergivanov.ru/public_html/vendor/laravel/lumen-framework/src/Concerns/RoutesRequests.php(391): Illuminate\\Container\\Container->call()
#8 /home/admin/webserver/web/api.sergivanov.ru/public_html/vendor/laravel/lumen-framework/src/Concerns/RoutesRequests.php(356): Laravel\\Lumen\\Application->callControllerCallable()
#9 /home/admin/webserver/web/api.sergivanov.ru/public_html/vendor/laravel/lumen-framework/src/Concerns/RoutesRequests.php(331): Laravel\\Lumen\\Application->callLumenController()
#10 /home/admin/webserver/web/api.sergivanov.ru/public_html/vendor/laravel/lumen-framework/src/Concerns/RoutesRequests.php(284): Laravel\\Lumen\\Application->callControllerAction()
#11 /home/admin/webserver/web/api.sergivanov.ru/public_html/vendor/laravel/lumen-framework/src/Concerns/RoutesRequests.php(264): Laravel\\Lumen\\Application->callActionOnArrayBasedRoute()
#12 /home/admin/webserver/web/api.sergivanov.ru/public_html/vendor/laravel/lumen-framework/src/Routing/Pipeline.php(48): Laravel\\Lumen\\Application->Laravel\\Lumen\\Concerns\\{closure}()
#13 /home/admin/webserver/web/api.sergivanov.ru/public_html/app/Http/Middleware/AuthMiddleware.php(16): Laravel\\Lumen\\Routing\\Pipeline->Laravel\\Lumen\\Routing\\{closure}()
#14 /home/admin/webserver/web/api.sergivanov.ru/public_html/vendor/illuminate/pipeline/Pipeline.php(180): App\\Http\\Middleware\\AuthMiddleware->handle()
#15 /home/admin/webserver/web/api.sergivanov.ru/public_html/vendor/laravel/lumen-framework/src/Routing/Pipeline.php(30): Illuminate\\Pipeline\\Pipeline->Illuminate\\Pipeline\\{closure}()
#16 /home/admin/webserver/web/api.sergivanov.ru/public_html/app/Http/Middleware/CorsMiddleware.php(30): Laravel\\Lumen\\Routing\\Pipeline->Laravel\\Lumen\\Routing\\{closure}()
#17 /home/admin/webserver/web/api.sergivanov.ru/public_html/vendor/illuminate/pipeline/Pipeline.php(180): App\\Http\\Middleware\\CorsMiddleware->handle()
#18 /home/admin/webserver/web/api.sergivanov.ru/public_html/vendor/laravel/lumen-framework/src/Routing/Pipeline.php(30): Illuminate\\Pipeline\\Pipeline->Illuminate\\Pipeline\\{closure}()
#19 /home/admin/webserver/web/api.sergivanov.ru/public_html/vendor/illuminate/pipeline/Pipeline.php(116): Laravel\\Lumen\\Routing\\Pipeline->Laravel\\Lumen\\Routing\\{closure}()
#20 /home/admin/webserver/web/api.sergivanov.ru/public_html/vendor/laravel/lumen-framework/src/Concerns/RoutesRequests.php(428): Illuminate\\Pipeline\\Pipeline->then()
#21 /home/admin/webserver/web/api.sergivanov.ru/public_html/vendor/laravel/lumen-framework/src/Concerns/RoutesRequests.php(263): Laravel\\Lumen\\Application->sendThroughPipeline()
#22 /home/admin/webserver/web/api.sergivanov.ru/public_html/vendor/laravel/lumen-framework/src/Concerns/RoutesRequests.php(171): Laravel\\Lumen\\Application->handleFoundRoute()
#23 /home/admin/webserver/web/api.sergivanov.ru/public_html/vendor/laravel/lumen-framework/src/Routing/Pipeline.php(48): Laravel\\Lumen\\Application->Laravel\\Lumen\\Concerns\\{closure}()
#24 /home/admin/webserver/web/api.sergivanov.ru/public_html/app/Http/Middleware/CorsMiddleware.php(30): Laravel\\Lumen\\Routing\\Pipeline->Laravel\\Lumen\\Routing\\{closure}()
#25 /home/admin/webserver/web/api.sergivanov.ru/public_html/vendor/illuminate/pipeline/Pipeline.php(180): App\\Http\\Middleware\\CorsMiddleware->handle()
#26 /home/admin/webserver/web/api.sergivanov.ru/public_html/vendor/laravel/lumen-framework/src/Routing/Pipeline.php(30): Illuminate\\Pipeline\\Pipeline->Illuminate\\Pipeline\\{closure}()
#27 /home/admin/webserver/web/api.sergivanov.ru/public_html/vendor/illuminate/pipeline/Pipeline.php(116): Laravel\\Lumen\\Routing\\Pipeline->Laravel\\Lumen\\Routing\\{closure}()
#28 /home/admin/webserver/web/api.sergivanov.ru/public_html/vendor/laravel/lumen-framework/src/Concerns/RoutesRequests.php(428): Illuminate\\Pipeline\\Pipeline->then()
#29 /home/admin/webserver/web/api.sergivanov.ru/public_html/vendor/laravel/lumen-framework/src/Concerns/RoutesRequests.php(167): Laravel\\Lumen\\Application->sendThroughPipeline()
#30 /home/admin/webserver/web/api.sergivanov.ru/public_html/vendor/laravel/lumen-framework/src/Concerns/RoutesRequests.php(112): Laravel\\Lumen\\Application->dispatch()
#31 /home/admin/webserver/web/api.sergivanov.ru/public_html/public/index.php(28): Laravel\\Lumen\\Application->run()
#32 {main}
"} 
[2025-03-01 12:03:00] local.ERROR: Trying to access array offset on value of type null {"exception":"[object] (ErrorException(code: 0): Trying to access array offset on value of type null at /home/admin/webserver/web/api.sergivanov.ru/public_html/app/Http/Controllers/SubscribeController.php:43)
[stacktrace]
#0 /home/admin/webserver/web/api.sergivanov.ru/public_html/vendor/laravel/lumen-framework/src/Concerns/RegistersExceptionHandlers.php(47): Laravel\\Lumen\\Application->handleError()
#1 /home/admin/webserver/web/api.sergivanov.ru/public_html/app/Http/Controllers/SubscribeController.php(43): Laravel\\Lumen\\Application->Laravel\\Lumen\\Concerns\\{closure}()
#2 /home/admin/webserver/web/api.sergivanov.ru/public_html/vendor/illuminate/container/BoundMethod.php(36): App\\Http\\Controllers\\SubscribeController->getPrice()
#3 /home/admin/webserver/web/api.sergivanov.ru/public_html/vendor/illuminate/container/Util.php(41): Illuminate\\Container\\BoundMethod::Illuminate\\Container\\{closure}()
#4 /home/admin/webserver/web/api.sergivanov.ru/public_html/vendor/illuminate/container/BoundMethod.php(93): Illuminate\\Container\\Util::unwrapIfClosure()
#5 /home/admin/webserver/web/api.sergivanov.ru/public_html/vendor/illuminate/container/BoundMethod.php(35): Illuminate\\Container\\BoundMethod::callBoundMethod()
#6 /home/admin/webserver/web/api.sergivanov.ru/public_html/vendor/illuminate/container/Container.php(661): Illuminate\\Container\\BoundMethod::call()
#7 /home/admin/webserver/web/api.sergivanov.ru/public_html/vendor/laravel/lumen-framework/src/Concerns/RoutesRequests.php(391): Illuminate\\Container\\Container->call()
#8 /home/admin/webserver/web/api.sergivanov.ru/public_html/vendor/laravel/lumen-framework/src/Concerns/RoutesRequests.php(356): Laravel\\Lumen\\Application->callControllerCallable()
#9 /home/admin/webserver/web/api.sergivanov.ru/public_html/vendor/laravel/lumen-framework/src/Concerns/RoutesRequests.php(331): Laravel\\Lumen\\Application->callLumenController()
#10 /home/admin/webserver/web/api.sergivanov.ru/public_html/vendor/laravel/lumen-framework/src/Concerns/RoutesRequests.php(284): Laravel\\Lumen\\Application->callControllerAction()
#11 /home/admin/webserver/web/api.sergivanov.ru/public_html/vendor/laravel/lumen-framework/src/Concerns/RoutesRequests.php(264): Laravel\\Lumen\\Application->callActionOnArrayBasedRoute()
#12 /home/admin/webserver/web/api.sergivanov.ru/public_html/vendor/laravel/lumen-framework/src/Routing/Pipeline.php(48): Laravel\\Lumen\\Application->Laravel\\Lumen\\Concerns\\{closure}()
#13 /home/admin/webserver/web/api.sergivanov.ru/public_html/app/Http/Middleware/AuthMiddleware.php(16): Laravel\\Lumen\\Routing\\Pipeline->Laravel\\Lumen\\Routing\\{closure}()
#14 /home/admin/webserver/web/api.sergivanov.ru/public_html/vendor/illuminate/pipeline/Pipeline.php(180): App\\Http\\Middleware\\AuthMiddleware->handle()
#15 /home/admin/webserver/web/api.sergivanov.ru/public_html/vendor/laravel/lumen-framework/src/Routing/Pipeline.php(30): Illuminate\\Pipeline\\Pipeline->Illuminate\\Pipeline\\{closure}()
#16 /home/admin/webserver/web/api.sergivanov.ru/public_html/app/Http/Middleware/CorsMiddleware.php(30): Laravel\\Lumen\\Routing\\Pipeline->Laravel\\Lumen\\Routing\\{closure}()
#17 /home/admin/webserver/web/api.sergivanov.ru/public_html/vendor/illuminate/pipeline/Pipeline.php(180): App\\Http\\Middleware\\CorsMiddleware->handle()
#18 /home/admin/webserver/web/api.sergivanov.ru/public_html/vendor/laravel/lumen-framework/src/Routing/Pipeline.php(30): Illuminate\\Pipeline\\Pipeline->Illuminate\\Pipeline\\{closure}()
#19 /home/admin/webserver/web/api.sergivanov.ru/public_html/vendor/illuminate/pipeline/Pipeline.php(116): Laravel\\Lumen\\Routing\\Pipeline->Laravel\\Lumen\\Routing\\{closure}()
#20 /home/admin/webserver/web/api.sergivanov.ru/public_html/vendor/laravel/lumen-framework/src/Concerns/RoutesRequests.php(428): Illuminate\\Pipeline\\Pipeline->then()
#21 /home/admin/webserver/web/api.sergivanov.ru/public_html/vendor/laravel/lumen-framework/src/Concerns/RoutesRequests.php(263): Laravel\\Lumen\\Application->sendThroughPipeline()
#22 /home/admin/webserver/web/api.sergivanov.ru/public_html/vendor/laravel/lumen-framework/src/Concerns/RoutesRequests.php(171): Laravel\\Lumen\\Application->handleFoundRoute()
#23 /home/admin/webserver/web/api.sergivanov.ru/public_html/vendor/laravel/lumen-framework/src/Routing/Pipeline.php(48): Laravel\\Lumen\\Application->Laravel\\Lumen\\Concerns\\{closure}()
#24 /home/admin/webserver/web/api.sergivanov.ru/public_html/app/Http/Middleware/CorsMiddleware.php(30): Laravel\\Lumen\\Routing\\Pipeline->Laravel\\Lumen\\Routing\\{closure}()
#25 /home/admin/webserver/web/api.sergivanov.ru/public_html/vendor/illuminate/pipeline/Pipeline.php(180): App\\Http\\Middleware\\CorsMiddleware->handle()
#26 /home/admin/webserver/web/api.sergivanov.ru/public_html/vendor/laravel/lumen-framework/src/Routing/Pipeline.php(30): Illuminate\\Pipeline\\Pipeline->Illuminate\\Pipeline\\{closure}()
#27 /home/admin/webserver/web/api.sergivanov.ru/public_html/vendor/illuminate/pipeline/Pipeline.php(116): Laravel\\Lumen\\Routing\\Pipeline->Laravel\\Lumen\\Routing\\{closure}()
#28 /home/admin/webserver/web/api.sergivanov.ru/public_html/vendor/laravel/lumen-framework/src/Concerns/RoutesRequests.php(428): Illuminate\\Pipeline\\Pipeline->then()
#29 /home/admin/webserver/web/api.sergivanov.ru/public_html/vendor/laravel/lumen-framework/src/Concerns/RoutesRequests.php(167): Laravel\\Lumen\\Application->sendThroughPipeline()
#30 /home/admin/webserver/web/api.sergivanov.ru/public_html/vendor/laravel/lumen-framework/src/Concerns/RoutesRequests.php(112): Laravel\\Lumen\\Application->dispatch()
#31 /home/admin/webserver/web/api.sergivanov.ru/public_html/public/index.php(28): Laravel\\Lumen\\Application->run()
#32 {main}
"} 
[2025-03-01 12:05:52] local.ERROR: Trying to access array offset on value of type null {"exception":"[object] (ErrorException(code: 0): Trying to access array offset on value of type null at /home/admin/webserver/web/api.sergivanov.ru/public_html/app/Http/Controllers/SubscribeController.php:43)
[stacktrace]
#0 /home/admin/webserver/web/api.sergivanov.ru/public_html/vendor/laravel/lumen-framework/src/Concerns/RegistersExceptionHandlers.php(47): Laravel\\Lumen\\Application->handleError()
#1 /home/admin/webserver/web/api.sergivanov.ru/public_html/app/Http/Controllers/SubscribeController.php(43): Laravel\\Lumen\\Application->Laravel\\Lumen\\Concerns\\{closure}()
#2 /home/admin/webserver/web/api.sergivanov.ru/public_html/vendor/illuminate/container/BoundMethod.php(36): App\\Http\\Controllers\\SubscribeController->getPrice()
#3 /home/admin/webserver/web/api.sergivanov.ru/public_html/vendor/illuminate/container/Util.php(41): Illuminate\\Container\\BoundMethod::Illuminate\\Container\\{closure}()
#4 /home/admin/webserver/web/api.sergivanov.ru/public_html/vendor/illuminate/container/BoundMethod.php(93): Illuminate\\Container\\Util::unwrapIfClosure()
#5 /home/admin/webserver/web/api.sergivanov.ru/public_html/vendor/illuminate/container/BoundMethod.php(35): Illuminate\\Container\\BoundMethod::callBoundMethod()
#6 /home/admin/webserver/web/api.sergivanov.ru/public_html/vendor/illuminate/container/Container.php(661): Illuminate\\Container\\BoundMethod::call()
#7 /home/admin/webserver/web/api.sergivanov.ru/public_html/vendor/laravel/lumen-framework/src/Concerns/RoutesRequests.php(391): Illuminate\\Container\\Container->call()
#8 /home/admin/webserver/web/api.sergivanov.ru/public_html/vendor/laravel/lumen-framework/src/Concerns/RoutesRequests.php(356): Laravel\\Lumen\\Application->callControllerCallable()
#9 /home/admin/webserver/web/api.sergivanov.ru/public_html/vendor/laravel/lumen-framework/src/Concerns/RoutesRequests.php(331): Laravel\\Lumen\\Application->callLumenController()
#10 /home/admin/webserver/web/api.sergivanov.ru/public_html/vendor/laravel/lumen-framework/src/Concerns/RoutesRequests.php(284): Laravel\\Lumen\\Application->callControllerAction()
#11 /home/admin/webserver/web/api.sergivanov.ru/public_html/vendor/laravel/lumen-framework/src/Concerns/RoutesRequests.php(264): Laravel\\Lumen\\Application->callActionOnArrayBasedRoute()
#12 /home/admin/webserver/web/api.sergivanov.ru/public_html/vendor/laravel/lumen-framework/src/Routing/Pipeline.php(48): Laravel\\Lumen\\Application->Laravel\\Lumen\\Concerns\\{closure}()
#13 /home/admin/webserver/web/api.sergivanov.ru/public_html/app/Http/Middleware/AuthMiddleware.php(16): Laravel\\Lumen\\Routing\\Pipeline->Laravel\\Lumen\\Routing\\{closure}()
#14 /home/admin/webserver/web/api.sergivanov.ru/public_html/vendor/illuminate/pipeline/Pipeline.php(180): App\\Http\\Middleware\\AuthMiddleware->handle()
#15 /home/admin/webserver/web/api.sergivanov.ru/public_html/vendor/laravel/lumen-framework/src/Routing/Pipeline.php(30): Illuminate\\Pipeline\\Pipeline->Illuminate\\Pipeline\\{closure}()
#16 /home/admin/webserver/web/api.sergivanov.ru/public_html/app/Http/Middleware/CorsMiddleware.php(30): Laravel\\Lumen\\Routing\\Pipeline->Laravel\\Lumen\\Routing\\{closure}()
#17 /home/admin/webserver/web/api.sergivanov.ru/public_html/vendor/illuminate/pipeline/Pipeline.php(180): App\\Http\\Middleware\\CorsMiddleware->handle()
#18 /home/admin/webserver/web/api.sergivanov.ru/public_html/vendor/laravel/lumen-framework/src/Routing/Pipeline.php(30): Illuminate\\Pipeline\\Pipeline->Illuminate\\Pipeline\\{closure}()
#19 /home/admin/webserver/web/api.sergivanov.ru/public_html/vendor/illuminate/pipeline/Pipeline.php(116): Laravel\\Lumen\\Routing\\Pipeline->Laravel\\Lumen\\Routing\\{closure}()
#20 /home/admin/webserver/web/api.sergivanov.ru/public_html/vendor/laravel/lumen-framework/src/Concerns/RoutesRequests.php(428): Illuminate\\Pipeline\\Pipeline->then()
#21 /home/admin/webserver/web/api.sergivanov.ru/public_html/vendor/laravel/lumen-framework/src/Concerns/RoutesRequests.php(263): Laravel\\Lumen\\Application->sendThroughPipeline()
#22 /home/admin/webserver/web/api.sergivanov.ru/public_html/vendor/laravel/lumen-framework/src/Concerns/RoutesRequests.php(171): Laravel\\Lumen\\Application->handleFoundRoute()
#23 /home/admin/webserver/web/api.sergivanov.ru/public_html/vendor/laravel/lumen-framework/src/Routing/Pipeline.php(48): Laravel\\Lumen\\Application->Laravel\\Lumen\\Concerns\\{closure}()
#24 /home/admin/webserver/web/api.sergivanov.ru/public_html/app/Http/Middleware/CorsMiddleware.php(30): Laravel\\Lumen\\Routing\\Pipeline->Laravel\\Lumen\\Routing\\{closure}()
#25 /home/admin/webserver/web/api.sergivanov.ru/public_html/vendor/illuminate/pipeline/Pipeline.php(180): App\\Http\\Middleware\\CorsMiddleware->handle()
#26 /home/admin/webserver/web/api.sergivanov.ru/public_html/vendor/laravel/lumen-framework/src/Routing/Pipeline.php(30): Illuminate\\Pipeline\\Pipeline->Illuminate\\Pipeline\\{closure}()
#27 /home/admin/webserver/web/api.sergivanov.ru/public_html/vendor/illuminate/pipeline/Pipeline.php(116): Laravel\\Lumen\\Routing\\Pipeline->Laravel\\Lumen\\Routing\\{closure}()
#28 /home/admin/webserver/web/api.sergivanov.ru/public_html/vendor/laravel/lumen-framework/src/Concerns/RoutesRequests.php(428): Illuminate\\Pipeline\\Pipeline->then()
#29 /home/admin/webserver/web/api.sergivanov.ru/public_html/vendor/laravel/lumen-framework/src/Concerns/RoutesRequests.php(167): Laravel\\Lumen\\Application->sendThroughPipeline()
#30 /home/admin/webserver/web/api.sergivanov.ru/public_html/vendor/laravel/lumen-framework/src/Concerns/RoutesRequests.php(112): Laravel\\Lumen\\Application->dispatch()
#31 /home/admin/webserver/web/api.sergivanov.ru/public_html/public/index.php(28): Laravel\\Lumen\\Application->run()
#32 {main}
"} 
[2025-03-01 12:08:30] local.ERROR: Trying to access array offset on value of type null {"exception":"[object] (ErrorException(code: 0): Trying to access array offset on value of type null at /home/admin/webserver/web/api.sergivanov.ru/public_html/app/Http/Controllers/SubscribeController.php:35)
[stacktrace]
#0 /home/admin/webserver/web/api.sergivanov.ru/public_html/vendor/laravel/lumen-framework/src/Concerns/RegistersExceptionHandlers.php(47): Laravel\\Lumen\\Application->handleError()
#1 /home/admin/webserver/web/api.sergivanov.ru/public_html/app/Http/Controllers/SubscribeController.php(35): Laravel\\Lumen\\Application->Laravel\\Lumen\\Concerns\\{closure}()
#2 /home/admin/webserver/web/api.sergivanov.ru/public_html/vendor/illuminate/container/BoundMethod.php(36): App\\Http\\Controllers\\SubscribeController->getPrice()
#3 /home/admin/webserver/web/api.sergivanov.ru/public_html/vendor/illuminate/container/Util.php(41): Illuminate\\Container\\BoundMethod::Illuminate\\Container\\{closure}()
#4 /home/admin/webserver/web/api.sergivanov.ru/public_html/vendor/illuminate/container/BoundMethod.php(93): Illuminate\\Container\\Util::unwrapIfClosure()
#5 /home/admin/webserver/web/api.sergivanov.ru/public_html/vendor/illuminate/container/BoundMethod.php(35): Illuminate\\Container\\BoundMethod::callBoundMethod()
#6 /home/admin/webserver/web/api.sergivanov.ru/public_html/vendor/illuminate/container/Container.php(661): Illuminate\\Container\\BoundMethod::call()
#7 /home/admin/webserver/web/api.sergivanov.ru/public_html/vendor/laravel/lumen-framework/src/Concerns/RoutesRequests.php(391): Illuminate\\Container\\Container->call()
#8 /home/admin/webserver/web/api.sergivanov.ru/public_html/vendor/laravel/lumen-framework/src/Concerns/RoutesRequests.php(356): Laravel\\Lumen\\Application->callControllerCallable()
#9 /home/admin/webserver/web/api.sergivanov.ru/public_html/vendor/laravel/lumen-framework/src/Concerns/RoutesRequests.php(331): Laravel\\Lumen\\Application->callLumenController()
#10 /home/admin/webserver/web/api.sergivanov.ru/public_html/vendor/laravel/lumen-framework/src/Concerns/RoutesRequests.php(284): Laravel\\Lumen\\Application->callControllerAction()
#11 /home/admin/webserver/web/api.sergivanov.ru/public_html/vendor/laravel/lumen-framework/src/Concerns/RoutesRequests.php(264): Laravel\\Lumen\\Application->callActionOnArrayBasedRoute()
#12 /home/admin/webserver/web/api.sergivanov.ru/public_html/vendor/laravel/lumen-framework/src/Routing/Pipeline.php(48): Laravel\\Lumen\\Application->Laravel\\Lumen\\Concerns\\{closure}()
#13 /home/admin/webserver/web/api.sergivanov.ru/public_html/app/Http/Middleware/AuthMiddleware.php(16): Laravel\\Lumen\\Routing\\Pipeline->Laravel\\Lumen\\Routing\\{closure}()
#14 /home/admin/webserver/web/api.sergivanov.ru/public_html/vendor/illuminate/pipeline/Pipeline.php(180): App\\Http\\Middleware\\AuthMiddleware->handle()
#15 /home/admin/webserver/web/api.sergivanov.ru/public_html/vendor/laravel/lumen-framework/src/Routing/Pipeline.php(30): Illuminate\\Pipeline\\Pipeline->Illuminate\\Pipeline\\{closure}()
#16 /home/admin/webserver/web/api.sergivanov.ru/public_html/app/Http/Middleware/CorsMiddleware.php(30): Laravel\\Lumen\\Routing\\Pipeline->Laravel\\Lumen\\Routing\\{closure}()
#17 /home/admin/webserver/web/api.sergivanov.ru/public_html/vendor/illuminate/pipeline/Pipeline.php(180): App\\Http\\Middleware\\CorsMiddleware->handle()
#18 /home/admin/webserver/web/api.sergivanov.ru/public_html/vendor/laravel/lumen-framework/src/Routing/Pipeline.php(30): Illuminate\\Pipeline\\Pipeline->Illuminate\\Pipeline\\{closure}()
#19 /home/admin/webserver/web/api.sergivanov.ru/public_html/vendor/illuminate/pipeline/Pipeline.php(116): Laravel\\Lumen\\Routing\\Pipeline->Laravel\\Lumen\\Routing\\{closure}()
#20 /home/admin/webserver/web/api.sergivanov.ru/public_html/vendor/laravel/lumen-framework/src/Concerns/RoutesRequests.php(428): Illuminate\\Pipeline\\Pipeline->then()
#21 /home/admin/webserver/web/api.sergivanov.ru/public_html/vendor/laravel/lumen-framework/src/Concerns/RoutesRequests.php(263): Laravel\\Lumen\\Application->sendThroughPipeline()
#22 /home/admin/webserver/web/api.sergivanov.ru/public_html/vendor/laravel/lumen-framework/src/Concerns/RoutesRequests.php(171): Laravel\\Lumen\\Application->handleFoundRoute()
#23 /home/admin/webserver/web/api.sergivanov.ru/public_html/vendor/laravel/lumen-framework/src/Routing/Pipeline.php(48): Laravel\\Lumen\\Application->Laravel\\Lumen\\Concerns\\{closure}()
#24 /home/admin/webserver/web/api.sergivanov.ru/public_html/app/Http/Middleware/CorsMiddleware.php(30): Laravel\\Lumen\\Routing\\Pipeline->Laravel\\Lumen\\Routing\\{closure}()
#25 /home/admin/webserver/web/api.sergivanov.ru/public_html/vendor/illuminate/pipeline/Pipeline.php(180): App\\Http\\Middleware\\CorsMiddleware->handle()
#26 /home/admin/webserver/web/api.sergivanov.ru/public_html/vendor/laravel/lumen-framework/src/Routing/Pipeline.php(30): Illuminate\\Pipeline\\Pipeline->Illuminate\\Pipeline\\{closure}()
#27 /home/admin/webserver/web/api.sergivanov.ru/public_html/vendor/illuminate/pipeline/Pipeline.php(116): Laravel\\Lumen\\Routing\\Pipeline->Laravel\\Lumen\\Routing\\{closure}()
#28 /home/admin/webserver/web/api.sergivanov.ru/public_html/vendor/laravel/lumen-framework/src/Concerns/RoutesRequests.php(428): Illuminate\\Pipeline\\Pipeline->then()
#29 /home/admin/webserver/web/api.sergivanov.ru/public_html/vendor/laravel/lumen-framework/src/Concerns/RoutesRequests.php(167): Laravel\\Lumen\\Application->sendThroughPipeline()
#30 /home/admin/webserver/web/api.sergivanov.ru/public_html/vendor/laravel/lumen-framework/src/Concerns/RoutesRequests.php(112): Laravel\\Lumen\\Application->dispatch()
#31 /home/admin/webserver/web/api.sergivanov.ru/public_html/public/index.php(28): Laravel\\Lumen\\Application->run()
#32 {main}
"} 
