[2025-03-28 05:34:55] local.INFO: Отправка смс:  {"error":0,"error_messages":[],"result":[{"sms_code":1342776726,"sms_count":1,"sms_error":0,"sms_error_code":0,"sms_error_msg":"","operator_code":3,"sms_tel":375447490965}],"type":"json"} 
[2025-03-28 05:35:01] local.INFO: Отправка смс:  {"error":0,"error_messages":[],"result":[{"sms_code":1342776728,"sms_count":1,"sms_error":0,"sms_error_code":0,"sms_error_msg":"","operator_code":3,"sms_tel":375447490965}],"type":"json"} 
[2025-03-28 05:53:16] local.INFO: Отправка смс:  {"error":0,"error_messages":[],"result":[{"sms_code":1342795633,"sms_count":1,"sms_error":0,"sms_error_code":0,"sms_error_msg":"","operator_code":3,"sms_tel":375447490965}],"type":"json"} 
[2025-03-28 05:56:29] local.INFO: Отправка смс:  {"error":0,"error_messages":[],"result":[{"sms_code":1342798666,"sms_count":1,"sms_error":0,"sms_error_code":0,"sms_error_msg":"","operator_code":3,"sms_tel":375447490965}],"type":"json"} 
[2025-03-28 06:00:24] local.INFO: Отправка смс:  {"error":0,"error_messages":[],"result":[{"sms_code":1342803662,"sms_count":1,"sms_error":0,"sms_error_code":0,"sms_error_msg":"","operator_code":3,"sms_tel":375447490965}],"type":"json"} 
[2025-03-28 06:02:50] local.INFO: Отправка смс:  {"error":0,"error_messages":[],"result":[{"sms_code":1342807162,"sms_count":1,"sms_error":0,"sms_error_code":0,"sms_error_msg":"","operator_code":3,"sms_tel":375447978183}],"type":"json"} 
[2025-03-28 06:45:54] local.INFO: Отправка смс:  {"error":0,"error_messages":[],"result":[{"sms_code":1342856940,"sms_count":1,"sms_error":0,"sms_error_code":0,"sms_error_msg":"","operator_code":3,"sms_tel":375447490965}],"type":"json"} 
[2025-03-28 10:25:38] local.INFO: Отправка смс:  {"error":0,"error_messages":[],"result":[{"sms_code":0,"sms_count":0,"sms_error":1,"sms_error_code":-4,"sms_error_msg":"Некорректное значение номера получателя","operator_code":0,"sms_tel":375999999999}],"type":"json"} 
[2025-03-28 12:55:16] local.INFO: Отправка смс:  {"error":0,"error_messages":[],"result":[{"sms_code":0,"sms_count":0,"sms_error":1,"sms_error_code":-4,"sms_error_msg":"Некорректное значение номера получателя","operator_code":0,"sms_tel":375999999999}],"type":"json"} 
[2025-03-28 12:57:08] local.INFO: Отправка смс:  {"error":0,"error_messages":[],"result":[{"sms_code":0,"sms_count":0,"sms_error":1,"sms_error_code":-4,"sms_error_msg":"Некорректное значение номера получателя","operator_code":0,"sms_tel":375999999999}],"type":"json"} 
[2025-03-28 13:29:49] local.ERROR: Target class [cookie] does not exist. {"exception":"[object] (Illuminate\\Contracts\\Container\\BindingResolutionException(code: 0): Target class [cookie] does not exist. at /home/admin/webserver/web/api.sergivanov.ru/public_html/vendor/illuminate/container/Container.php:891)
[stacktrace]
#0 /home/admin/webserver/web/api.sergivanov.ru/public_html/vendor/illuminate/container/Container.php(770): Illuminate\\Container\\Container->build()
#1 /home/admin/webserver/web/api.sergivanov.ru/public_html/vendor/illuminate/container/Container.php(706): Illuminate\\Container\\Container->resolve()
#2 /home/admin/webserver/web/api.sergivanov.ru/public_html/vendor/laravel/lumen-framework/src/Application.php(327): Illuminate\\Container\\Container->make()
#3 /home/admin/webserver/web/api.sergivanov.ru/public_html/vendor/illuminate/container/Container.php(1431): Laravel\\Lumen\\Application->make()
#4 /home/admin/webserver/web/api.sergivanov.ru/public_html/vendor/illuminate/support/Facades/Facade.php(222): Illuminate\\Container\\Container->offsetGet()
#5 /home/admin/webserver/web/api.sergivanov.ru/public_html/vendor/illuminate/support/Facades/Facade.php(193): Illuminate\\Support\\Facades\\Facade::resolveFacadeInstance()
#6 /home/admin/webserver/web/api.sergivanov.ru/public_html/vendor/illuminate/support/Facades/Facade.php(332): Illuminate\\Support\\Facades\\Facade::getFacadeRoot()
#7 /home/admin/webserver/web/api.sergivanov.ru/public_html/app/Http/Controllers/UserController.php(363): Illuminate\\Support\\Facades\\Facade::__callStatic()
#8 /home/admin/webserver/web/api.sergivanov.ru/public_html/vendor/illuminate/container/BoundMethod.php(36): App\\Http\\Controllers\\UserController->newUser()
#9 /home/admin/webserver/web/api.sergivanov.ru/public_html/vendor/illuminate/container/Util.php(41): Illuminate\\Container\\BoundMethod::Illuminate\\Container\\{closure}()
#10 /home/admin/webserver/web/api.sergivanov.ru/public_html/vendor/illuminate/container/BoundMethod.php(93): Illuminate\\Container\\Util::unwrapIfClosure()
#11 /home/admin/webserver/web/api.sergivanov.ru/public_html/vendor/illuminate/container/BoundMethod.php(35): Illuminate\\Container\\BoundMethod::callBoundMethod()
#12 /home/admin/webserver/web/api.sergivanov.ru/public_html/vendor/illuminate/container/Container.php(661): Illuminate\\Container\\BoundMethod::call()
#13 /home/admin/webserver/web/api.sergivanov.ru/public_html/vendor/laravel/lumen-framework/src/Concerns/RoutesRequests.php(391): Illuminate\\Container\\Container->call()
#14 /home/admin/webserver/web/api.sergivanov.ru/public_html/vendor/laravel/lumen-framework/src/Concerns/RoutesRequests.php(356): Laravel\\Lumen\\Application->callControllerCallable()
#15 /home/admin/webserver/web/api.sergivanov.ru/public_html/vendor/laravel/lumen-framework/src/Concerns/RoutesRequests.php(331): Laravel\\Lumen\\Application->callLumenController()
#16 /home/admin/webserver/web/api.sergivanov.ru/public_html/vendor/laravel/lumen-framework/src/Concerns/RoutesRequests.php(284): Laravel\\Lumen\\Application->callControllerAction()
#17 /home/admin/webserver/web/api.sergivanov.ru/public_html/vendor/laravel/lumen-framework/src/Concerns/RoutesRequests.php(264): Laravel\\Lumen\\Application->callActionOnArrayBasedRoute()
#18 /home/admin/webserver/web/api.sergivanov.ru/public_html/vendor/laravel/lumen-framework/src/Routing/Pipeline.php(48): Laravel\\Lumen\\Application->Laravel\\Lumen\\Concerns\\{closure}()
#19 /home/admin/webserver/web/api.sergivanov.ru/public_html/vendor/rogervila/lumen-rate-limiting/src/ThrottleRequests.php(129): Laravel\\Lumen\\Routing\\Pipeline->Laravel\\Lumen\\Routing\\{closure}()
#20 /home/admin/webserver/web/api.sergivanov.ru/public_html/vendor/rogervila/lumen-rate-limiting/src/ThrottleRequests.php(95): LumenRateLimiting\\ThrottleRequests->handleRequest()
#21 /home/admin/webserver/web/api.sergivanov.ru/public_html/vendor/rogervila/lumen-rate-limiting/src/ThrottleRequests.php(57): LumenRateLimiting\\ThrottleRequests->handleRequestUsingNamedLimiter()
#22 /home/admin/webserver/web/api.sergivanov.ru/public_html/vendor/illuminate/pipeline/Pipeline.php(180): LumenRateLimiting\\ThrottleRequests->handle()
#23 /home/admin/webserver/web/api.sergivanov.ru/public_html/vendor/laravel/lumen-framework/src/Routing/Pipeline.php(30): Illuminate\\Pipeline\\Pipeline->Illuminate\\Pipeline\\{closure}()
#24 /home/admin/webserver/web/api.sergivanov.ru/public_html/app/Http/Middleware/CorsMiddleware.php(30): Laravel\\Lumen\\Routing\\Pipeline->Laravel\\Lumen\\Routing\\{closure}()
#25 /home/admin/webserver/web/api.sergivanov.ru/public_html/vendor/illuminate/pipeline/Pipeline.php(180): App\\Http\\Middleware\\CorsMiddleware->handle()
#26 /home/admin/webserver/web/api.sergivanov.ru/public_html/vendor/laravel/lumen-framework/src/Routing/Pipeline.php(30): Illuminate\\Pipeline\\Pipeline->Illuminate\\Pipeline\\{closure}()
#27 /home/admin/webserver/web/api.sergivanov.ru/public_html/vendor/illuminate/pipeline/Pipeline.php(116): Laravel\\Lumen\\Routing\\Pipeline->Laravel\\Lumen\\Routing\\{closure}()
#28 /home/admin/webserver/web/api.sergivanov.ru/public_html/vendor/laravel/lumen-framework/src/Concerns/RoutesRequests.php(428): Illuminate\\Pipeline\\Pipeline->then()
#29 /home/admin/webserver/web/api.sergivanov.ru/public_html/vendor/laravel/lumen-framework/src/Concerns/RoutesRequests.php(263): Laravel\\Lumen\\Application->sendThroughPipeline()
#30 /home/admin/webserver/web/api.sergivanov.ru/public_html/vendor/laravel/lumen-framework/src/Concerns/RoutesRequests.php(171): Laravel\\Lumen\\Application->handleFoundRoute()
#31 /home/admin/webserver/web/api.sergivanov.ru/public_html/vendor/laravel/lumen-framework/src/Routing/Pipeline.php(48): Laravel\\Lumen\\Application->Laravel\\Lumen\\Concerns\\{closure}()
#32 /home/admin/webserver/web/api.sergivanov.ru/public_html/app/Http/Middleware/CorsMiddleware.php(30): Laravel\\Lumen\\Routing\\Pipeline->Laravel\\Lumen\\Routing\\{closure}()
#33 /home/admin/webserver/web/api.sergivanov.ru/public_html/vendor/illuminate/pipeline/Pipeline.php(180): App\\Http\\Middleware\\CorsMiddleware->handle()
#34 /home/admin/webserver/web/api.sergivanov.ru/public_html/vendor/laravel/lumen-framework/src/Routing/Pipeline.php(30): Illuminate\\Pipeline\\Pipeline->Illuminate\\Pipeline\\{closure}()
#35 /home/admin/webserver/web/api.sergivanov.ru/public_html/vendor/illuminate/pipeline/Pipeline.php(116): Laravel\\Lumen\\Routing\\Pipeline->Laravel\\Lumen\\Routing\\{closure}()
#36 /home/admin/webserver/web/api.sergivanov.ru/public_html/vendor/laravel/lumen-framework/src/Concerns/RoutesRequests.php(428): Illuminate\\Pipeline\\Pipeline->then()
#37 /home/admin/webserver/web/api.sergivanov.ru/public_html/vendor/laravel/lumen-framework/src/Concerns/RoutesRequests.php(167): Laravel\\Lumen\\Application->sendThroughPipeline()
#38 /home/admin/webserver/web/api.sergivanov.ru/public_html/vendor/laravel/lumen-framework/src/Concerns/RoutesRequests.php(112): Laravel\\Lumen\\Application->dispatch()
#39 /home/admin/webserver/web/api.sergivanov.ru/public_html/public/index.php(28): Laravel\\Lumen\\Application->run()
#40 {main}

[previous exception] [object] (ReflectionException(code: -1): Class \"cookie\" does not exist at /home/admin/webserver/web/api.sergivanov.ru/public_html/vendor/illuminate/container/Container.php:889)
[stacktrace]
#0 /home/admin/webserver/web/api.sergivanov.ru/public_html/vendor/illuminate/container/Container.php(889): ReflectionClass->__construct()
#1 /home/admin/webserver/web/api.sergivanov.ru/public_html/vendor/illuminate/container/Container.php(770): Illuminate\\Container\\Container->build()
#2 /home/admin/webserver/web/api.sergivanov.ru/public_html/vendor/illuminate/container/Container.php(706): Illuminate\\Container\\Container->resolve()
#3 /home/admin/webserver/web/api.sergivanov.ru/public_html/vendor/laravel/lumen-framework/src/Application.php(327): Illuminate\\Container\\Container->make()
#4 /home/admin/webserver/web/api.sergivanov.ru/public_html/vendor/illuminate/container/Container.php(1431): Laravel\\Lumen\\Application->make()
#5 /home/admin/webserver/web/api.sergivanov.ru/public_html/vendor/illuminate/support/Facades/Facade.php(222): Illuminate\\Container\\Container->offsetGet()
#6 /home/admin/webserver/web/api.sergivanov.ru/public_html/vendor/illuminate/support/Facades/Facade.php(193): Illuminate\\Support\\Facades\\Facade::resolveFacadeInstance()
#7 /home/admin/webserver/web/api.sergivanov.ru/public_html/vendor/illuminate/support/Facades/Facade.php(332): Illuminate\\Support\\Facades\\Facade::getFacadeRoot()
#8 /home/admin/webserver/web/api.sergivanov.ru/public_html/app/Http/Controllers/UserController.php(363): Illuminate\\Support\\Facades\\Facade::__callStatic()
#9 /home/admin/webserver/web/api.sergivanov.ru/public_html/vendor/illuminate/container/BoundMethod.php(36): App\\Http\\Controllers\\UserController->newUser()
#10 /home/admin/webserver/web/api.sergivanov.ru/public_html/vendor/illuminate/container/Util.php(41): Illuminate\\Container\\BoundMethod::Illuminate\\Container\\{closure}()
#11 /home/admin/webserver/web/api.sergivanov.ru/public_html/vendor/illuminate/container/BoundMethod.php(93): Illuminate\\Container\\Util::unwrapIfClosure()
#12 /home/admin/webserver/web/api.sergivanov.ru/public_html/vendor/illuminate/container/BoundMethod.php(35): Illuminate\\Container\\BoundMethod::callBoundMethod()
#13 /home/admin/webserver/web/api.sergivanov.ru/public_html/vendor/illuminate/container/Container.php(661): Illuminate\\Container\\BoundMethod::call()
#14 /home/admin/webserver/web/api.sergivanov.ru/public_html/vendor/laravel/lumen-framework/src/Concerns/RoutesRequests.php(391): Illuminate\\Container\\Container->call()
#15 /home/admin/webserver/web/api.sergivanov.ru/public_html/vendor/laravel/lumen-framework/src/Concerns/RoutesRequests.php(356): Laravel\\Lumen\\Application->callControllerCallable()
#16 /home/admin/webserver/web/api.sergivanov.ru/public_html/vendor/laravel/lumen-framework/src/Concerns/RoutesRequests.php(331): Laravel\\Lumen\\Application->callLumenController()
#17 /home/admin/webserver/web/api.sergivanov.ru/public_html/vendor/laravel/lumen-framework/src/Concerns/RoutesRequests.php(284): Laravel\\Lumen\\Application->callControllerAction()
#18 /home/admin/webserver/web/api.sergivanov.ru/public_html/vendor/laravel/lumen-framework/src/Concerns/RoutesRequests.php(264): Laravel\\Lumen\\Application->callActionOnArrayBasedRoute()
#19 /home/admin/webserver/web/api.sergivanov.ru/public_html/vendor/laravel/lumen-framework/src/Routing/Pipeline.php(48): Laravel\\Lumen\\Application->Laravel\\Lumen\\Concerns\\{closure}()
#20 /home/admin/webserver/web/api.sergivanov.ru/public_html/vendor/rogervila/lumen-rate-limiting/src/ThrottleRequests.php(129): Laravel\\Lumen\\Routing\\Pipeline->Laravel\\Lumen\\Routing\\{closure}()
#21 /home/admin/webserver/web/api.sergivanov.ru/public_html/vendor/rogervila/lumen-rate-limiting/src/ThrottleRequests.php(95): LumenRateLimiting\\ThrottleRequests->handleRequest()
#22 /home/admin/webserver/web/api.sergivanov.ru/public_html/vendor/rogervila/lumen-rate-limiting/src/ThrottleRequests.php(57): LumenRateLimiting\\ThrottleRequests->handleRequestUsingNamedLimiter()
#23 /home/admin/webserver/web/api.sergivanov.ru/public_html/vendor/illuminate/pipeline/Pipeline.php(180): LumenRateLimiting\\ThrottleRequests->handle()
#24 /home/admin/webserver/web/api.sergivanov.ru/public_html/vendor/laravel/lumen-framework/src/Routing/Pipeline.php(30): Illuminate\\Pipeline\\Pipeline->Illuminate\\Pipeline\\{closure}()
#25 /home/admin/webserver/web/api.sergivanov.ru/public_html/app/Http/Middleware/CorsMiddleware.php(30): Laravel\\Lumen\\Routing\\Pipeline->Laravel\\Lumen\\Routing\\{closure}()
#26 /home/admin/webserver/web/api.sergivanov.ru/public_html/vendor/illuminate/pipeline/Pipeline.php(180): App\\Http\\Middleware\\CorsMiddleware->handle()
#27 /home/admin/webserver/web/api.sergivanov.ru/public_html/vendor/laravel/lumen-framework/src/Routing/Pipeline.php(30): Illuminate\\Pipeline\\Pipeline->Illuminate\\Pipeline\\{closure}()
#28 /home/admin/webserver/web/api.sergivanov.ru/public_html/vendor/illuminate/pipeline/Pipeline.php(116): Laravel\\Lumen\\Routing\\Pipeline->Laravel\\Lumen\\Routing\\{closure}()
#29 /home/admin/webserver/web/api.sergivanov.ru/public_html/vendor/laravel/lumen-framework/src/Concerns/RoutesRequests.php(428): Illuminate\\Pipeline\\Pipeline->then()
#30 /home/admin/webserver/web/api.sergivanov.ru/public_html/vendor/laravel/lumen-framework/src/Concerns/RoutesRequests.php(263): Laravel\\Lumen\\Application->sendThroughPipeline()
#31 /home/admin/webserver/web/api.sergivanov.ru/public_html/vendor/laravel/lumen-framework/src/Concerns/RoutesRequests.php(171): Laravel\\Lumen\\Application->handleFoundRoute()
#32 /home/admin/webserver/web/api.sergivanov.ru/public_html/vendor/laravel/lumen-framework/src/Routing/Pipeline.php(48): Laravel\\Lumen\\Application->Laravel\\Lumen\\Concerns\\{closure}()
#33 /home/admin/webserver/web/api.sergivanov.ru/public_html/app/Http/Middleware/CorsMiddleware.php(30): Laravel\\Lumen\\Routing\\Pipeline->Laravel\\Lumen\\Routing\\{closure}()
#34 /home/admin/webserver/web/api.sergivanov.ru/public_html/vendor/illuminate/pipeline/Pipeline.php(180): App\\Http\\Middleware\\CorsMiddleware->handle()
#35 /home/admin/webserver/web/api.sergivanov.ru/public_html/vendor/laravel/lumen-framework/src/Routing/Pipeline.php(30): Illuminate\\Pipeline\\Pipeline->Illuminate\\Pipeline\\{closure}()
#36 /home/admin/webserver/web/api.sergivanov.ru/public_html/vendor/illuminate/pipeline/Pipeline.php(116): Laravel\\Lumen\\Routing\\Pipeline->Laravel\\Lumen\\Routing\\{closure}()
#37 /home/admin/webserver/web/api.sergivanov.ru/public_html/vendor/laravel/lumen-framework/src/Concerns/RoutesRequests.php(428): Illuminate\\Pipeline\\Pipeline->then()
#38 /home/admin/webserver/web/api.sergivanov.ru/public_html/vendor/laravel/lumen-framework/src/Concerns/RoutesRequests.php(167): Laravel\\Lumen\\Application->sendThroughPipeline()
#39 /home/admin/webserver/web/api.sergivanov.ru/public_html/vendor/laravel/lumen-framework/src/Concerns/RoutesRequests.php(112): Laravel\\Lumen\\Application->dispatch()
#40 /home/admin/webserver/web/api.sergivanov.ru/public_html/public/index.php(28): Laravel\\Lumen\\Application->run()
#41 {main}
"} 
[2025-03-28 13:33:14] local.ERROR: Symfony\Component\HttpFoundation\ResponseHeaderBag::setCookie(): Argument #1 ($cookie) must be of type Symfony\Component\HttpFoundation\Cookie, Illuminate\Support\Facades\Cookie given, called in /home/admin/webserver/web/api.sergivanov.ru/public_html/vendor/illuminate/http/ResponseTrait.php on line 124 {"exception":"[object] (TypeError(code: 0): Symfony\\Component\\HttpFoundation\\ResponseHeaderBag::setCookie(): Argument #1 ($cookie) must be of type Symfony\\Component\\HttpFoundation\\Cookie, Illuminate\\Support\\Facades\\Cookie given, called in /home/admin/webserver/web/api.sergivanov.ru/public_html/vendor/illuminate/http/ResponseTrait.php on line 124 at /home/admin/webserver/web/api.sergivanov.ru/public_html/vendor/symfony/http-foundation/ResponseHeaderBag.php:175)
[stacktrace]
#0 /home/admin/webserver/web/api.sergivanov.ru/public_html/vendor/illuminate/http/ResponseTrait.php(124): Symfony\\Component\\HttpFoundation\\ResponseHeaderBag->setCookie()
#1 /home/admin/webserver/web/api.sergivanov.ru/public_html/app/Http/Controllers/UserController.php(386): Illuminate\\Http\\JsonResponse->withCookie()
#2 /home/admin/webserver/web/api.sergivanov.ru/public_html/vendor/illuminate/container/BoundMethod.php(36): App\\Http\\Controllers\\UserController->newUser()
#3 /home/admin/webserver/web/api.sergivanov.ru/public_html/vendor/illuminate/container/Util.php(41): Illuminate\\Container\\BoundMethod::Illuminate\\Container\\{closure}()
#4 /home/admin/webserver/web/api.sergivanov.ru/public_html/vendor/illuminate/container/BoundMethod.php(93): Illuminate\\Container\\Util::unwrapIfClosure()
#5 /home/admin/webserver/web/api.sergivanov.ru/public_html/vendor/illuminate/container/BoundMethod.php(35): Illuminate\\Container\\BoundMethod::callBoundMethod()
#6 /home/admin/webserver/web/api.sergivanov.ru/public_html/vendor/illuminate/container/Container.php(661): Illuminate\\Container\\BoundMethod::call()
#7 /home/admin/webserver/web/api.sergivanov.ru/public_html/vendor/laravel/lumen-framework/src/Concerns/RoutesRequests.php(391): Illuminate\\Container\\Container->call()
#8 /home/admin/webserver/web/api.sergivanov.ru/public_html/vendor/laravel/lumen-framework/src/Concerns/RoutesRequests.php(356): Laravel\\Lumen\\Application->callControllerCallable()
#9 /home/admin/webserver/web/api.sergivanov.ru/public_html/vendor/laravel/lumen-framework/src/Concerns/RoutesRequests.php(331): Laravel\\Lumen\\Application->callLumenController()
#10 /home/admin/webserver/web/api.sergivanov.ru/public_html/vendor/laravel/lumen-framework/src/Concerns/RoutesRequests.php(284): Laravel\\Lumen\\Application->callControllerAction()
#11 /home/admin/webserver/web/api.sergivanov.ru/public_html/vendor/laravel/lumen-framework/src/Concerns/RoutesRequests.php(264): Laravel\\Lumen\\Application->callActionOnArrayBasedRoute()
#12 /home/admin/webserver/web/api.sergivanov.ru/public_html/vendor/laravel/lumen-framework/src/Routing/Pipeline.php(48): Laravel\\Lumen\\Application->Laravel\\Lumen\\Concerns\\{closure}()
#13 /home/admin/webserver/web/api.sergivanov.ru/public_html/vendor/rogervila/lumen-rate-limiting/src/ThrottleRequests.php(129): Laravel\\Lumen\\Routing\\Pipeline->Laravel\\Lumen\\Routing\\{closure}()
#14 /home/admin/webserver/web/api.sergivanov.ru/public_html/vendor/rogervila/lumen-rate-limiting/src/ThrottleRequests.php(95): LumenRateLimiting\\ThrottleRequests->handleRequest()
#15 /home/admin/webserver/web/api.sergivanov.ru/public_html/vendor/rogervila/lumen-rate-limiting/src/ThrottleRequests.php(57): LumenRateLimiting\\ThrottleRequests->handleRequestUsingNamedLimiter()
#16 /home/admin/webserver/web/api.sergivanov.ru/public_html/vendor/illuminate/pipeline/Pipeline.php(180): LumenRateLimiting\\ThrottleRequests->handle()
#17 /home/admin/webserver/web/api.sergivanov.ru/public_html/vendor/laravel/lumen-framework/src/Routing/Pipeline.php(30): Illuminate\\Pipeline\\Pipeline->Illuminate\\Pipeline\\{closure}()
#18 /home/admin/webserver/web/api.sergivanov.ru/public_html/app/Http/Middleware/CorsMiddleware.php(30): Laravel\\Lumen\\Routing\\Pipeline->Laravel\\Lumen\\Routing\\{closure}()
#19 /home/admin/webserver/web/api.sergivanov.ru/public_html/vendor/illuminate/pipeline/Pipeline.php(180): App\\Http\\Middleware\\CorsMiddleware->handle()
#20 /home/admin/webserver/web/api.sergivanov.ru/public_html/vendor/laravel/lumen-framework/src/Routing/Pipeline.php(30): Illuminate\\Pipeline\\Pipeline->Illuminate\\Pipeline\\{closure}()
#21 /home/admin/webserver/web/api.sergivanov.ru/public_html/vendor/illuminate/pipeline/Pipeline.php(116): Laravel\\Lumen\\Routing\\Pipeline->Laravel\\Lumen\\Routing\\{closure}()
#22 /home/admin/webserver/web/api.sergivanov.ru/public_html/vendor/laravel/lumen-framework/src/Concerns/RoutesRequests.php(428): Illuminate\\Pipeline\\Pipeline->then()
#23 /home/admin/webserver/web/api.sergivanov.ru/public_html/vendor/laravel/lumen-framework/src/Concerns/RoutesRequests.php(263): Laravel\\Lumen\\Application->sendThroughPipeline()
#24 /home/admin/webserver/web/api.sergivanov.ru/public_html/vendor/laravel/lumen-framework/src/Concerns/RoutesRequests.php(171): Laravel\\Lumen\\Application->handleFoundRoute()
#25 /home/admin/webserver/web/api.sergivanov.ru/public_html/vendor/laravel/lumen-framework/src/Routing/Pipeline.php(48): Laravel\\Lumen\\Application->Laravel\\Lumen\\Concerns\\{closure}()
#26 /home/admin/webserver/web/api.sergivanov.ru/public_html/app/Http/Middleware/CorsMiddleware.php(30): Laravel\\Lumen\\Routing\\Pipeline->Laravel\\Lumen\\Routing\\{closure}()
#27 /home/admin/webserver/web/api.sergivanov.ru/public_html/vendor/illuminate/pipeline/Pipeline.php(180): App\\Http\\Middleware\\CorsMiddleware->handle()
#28 /home/admin/webserver/web/api.sergivanov.ru/public_html/vendor/laravel/lumen-framework/src/Routing/Pipeline.php(30): Illuminate\\Pipeline\\Pipeline->Illuminate\\Pipeline\\{closure}()
#29 /home/admin/webserver/web/api.sergivanov.ru/public_html/vendor/illuminate/pipeline/Pipeline.php(116): Laravel\\Lumen\\Routing\\Pipeline->Laravel\\Lumen\\Routing\\{closure}()
#30 /home/admin/webserver/web/api.sergivanov.ru/public_html/vendor/laravel/lumen-framework/src/Concerns/RoutesRequests.php(428): Illuminate\\Pipeline\\Pipeline->then()
#31 /home/admin/webserver/web/api.sergivanov.ru/public_html/vendor/laravel/lumen-framework/src/Concerns/RoutesRequests.php(167): Laravel\\Lumen\\Application->sendThroughPipeline()
#32 /home/admin/webserver/web/api.sergivanov.ru/public_html/vendor/laravel/lumen-framework/src/Concerns/RoutesRequests.php(112): Laravel\\Lumen\\Application->dispatch()
#33 /home/admin/webserver/web/api.sergivanov.ru/public_html/public/index.php(28): Laravel\\Lumen\\Application->run()
#34 {main}
"} 
[2025-03-28 13:41:22] local.INFO: Отправка смс:  {"error":0,"error_messages":[],"result":[{"sms_code":0,"sms_count":0,"sms_error":1,"sms_error_code":-4,"sms_error_msg":"Некорректное значение номера получателя","operator_code":0,"sms_tel":375999999999}],"type":"json"} 
[2025-03-28 13:43:37] local.INFO: Отправка смс:  {"error":0,"error_messages":[],"result":[{"sms_code":0,"sms_count":0,"sms_error":1,"sms_error_code":-4,"sms_error_msg":"Некорректное значение номера получателя","operator_code":0,"sms_tel":375999999999}],"type":"json"} 
[2025-03-28 14:06:53] local.INFO: Отправка смс:  {"error":0,"error_messages":[],"result":[{"sms_code":0,"sms_count":0,"sms_error":1,"sms_error_code":-4,"sms_error_msg":"Некорректное значение номера получателя","operator_code":0,"sms_tel":375999999999}],"type":"json"} 
