[2024-08-21 12:44:34] local.ERROR: Class "Memcached" not found {"exception":"[object] (Error(code: 0): Class \"Memcached\" not found at /home/admin/webserver/web/api.sergivanov.ru/public_html/vendor/illuminate/cache/MemcachedConnector.php:69)
[stacktrace]
#0 /home/admin/webserver/web/api.sergivanov.ru/public_html/vendor/illuminate/cache/MemcachedConnector.php(48): Illuminate\\Cache\\MemcachedConnector->createMemcachedInstance()
#1 /home/admin/webserver/web/api.sergivanov.ru/public_html/vendor/illuminate/cache/MemcachedConnector.php(20): Illuminate\\Cache\\MemcachedConnector->getMemcached()
#2 /home/admin/webserver/web/api.sergivanov.ru/public_html/vendor/illuminate/cache/CacheManager.php(160): Illuminate\\Cache\\MemcachedConnector->connect()
#3 /home/admin/webserver/web/api.sergivanov.ru/public_html/vendor/illuminate/cache/CacheManager.php(97): Illuminate\\Cache\\CacheManager->createMemcachedDriver()
#4 /home/admin/webserver/web/api.sergivanov.ru/public_html/vendor/illuminate/cache/CacheManager.php(61): Illuminate\\Cache\\CacheManager->resolve()
#5 /home/admin/webserver/web/api.sergivanov.ru/public_html/vendor/illuminate/cache/CacheManager.php(72): Illuminate\\Cache\\CacheManager->store()
#6 /home/admin/webserver/web/api.sergivanov.ru/public_html/vendor/illuminate/cache/CacheServiceProvider.php(23): Illuminate\\Cache\\CacheManager->driver()
#7 /home/admin/webserver/web/api.sergivanov.ru/public_html/vendor/illuminate/container/Container.php(885): Illuminate\\Cache\\CacheServiceProvider->Illuminate\\Cache\\{closure}()
#8 /home/admin/webserver/web/api.sergivanov.ru/public_html/vendor/illuminate/container/Container.php(770): Illuminate\\Container\\Container->build()
#9 /home/admin/webserver/web/api.sergivanov.ru/public_html/vendor/illuminate/container/Container.php(706): Illuminate\\Container\\Container->resolve()
#10 /home/admin/webserver/web/api.sergivanov.ru/public_html/vendor/laravel/lumen-framework/src/Application.php(327): Illuminate\\Container\\Container->make()
#11 /home/admin/webserver/web/api.sergivanov.ru/public_html/vendor/illuminate/container/Container.php(1431): Laravel\\Lumen\\Application->make()
#12 /home/admin/webserver/web/api.sergivanov.ru/public_html/vendor/laravel/lumen-framework/src/Console/ConsoleServiceProvider.php(331): Illuminate\\Container\\Container->offsetGet()
#13 /home/admin/webserver/web/api.sergivanov.ru/public_html/vendor/illuminate/container/Container.php(885): Laravel\\Lumen\\Console\\ConsoleServiceProvider->Laravel\\Lumen\\Console\\{closure}()
#14 /home/admin/webserver/web/api.sergivanov.ru/public_html/vendor/illuminate/container/Container.php(770): Illuminate\\Container\\Container->build()
#15 /home/admin/webserver/web/api.sergivanov.ru/public_html/vendor/illuminate/container/Container.php(706): Illuminate\\Container\\Container->resolve()
#16 /home/admin/webserver/web/api.sergivanov.ru/public_html/vendor/laravel/lumen-framework/src/Application.php(327): Illuminate\\Container\\Container->make()
#17 /home/admin/webserver/web/api.sergivanov.ru/public_html/vendor/illuminate/console/Application.php(280): Laravel\\Lumen\\Application->make()
#18 /home/admin/webserver/web/api.sergivanov.ru/public_html/vendor/illuminate/console/Application.php(294): Illuminate\\Console\\Application->resolve()
#19 /home/admin/webserver/web/api.sergivanov.ru/public_html/vendor/illuminate/support/ServiceProvider.php(404): Illuminate\\Console\\Application->resolveCommands()
#20 /home/admin/webserver/web/api.sergivanov.ru/public_html/vendor/illuminate/console/Application.php(161): Illuminate\\Support\\ServiceProvider->Illuminate\\Support\\{closure}()
#21 /home/admin/webserver/web/api.sergivanov.ru/public_html/vendor/illuminate/console/Application.php(82): Illuminate\\Console\\Application->bootstrap()
#22 /home/admin/webserver/web/api.sergivanov.ru/public_html/vendor/laravel/lumen-framework/src/Console/Kernel.php(215): Illuminate\\Console\\Application->__construct()
#23 /home/admin/webserver/web/api.sergivanov.ru/public_html/vendor/laravel/lumen-framework/src/Console/Kernel.php(116): Laravel\\Lumen\\Console\\Kernel->getArtisan()
#24 /home/admin/webserver/web/api.sergivanov.ru/public_html/artisan(35): Laravel\\Lumen\\Console\\Kernel->handle()
#25 {main}
"} 
