[2025-03-18 09:45:29] local.ERROR: App\Http\Controllers\UserController::sendCode(): Argument #1 ($user) must be of type App\User, stdClass given, called in /home/admin/webserver/web/api.sergivanov.ru/public_html/app/Http/Controllers/UserController.php on line 301 {"exception":"[object] (TypeError(code: 0): App\\Http\\Controllers\\UserController::sendCode(): Argument #1 ($user) must be of type App\\User, stdClass given, called in /home/admin/webserver/web/api.sergivanov.ru/public_html/app/Http/Controllers/UserController.php on line 301 at /home/admin/webserver/web/api.sergivanov.ru/public_html/app/Http/Controllers/UserController.php:393)
[stacktrace]
#0 /home/admin/webserver/web/api.sergivanov.ru/public_html/app/Http/Controllers/UserController.php(301): App\\Http\\Controllers\\UserController->sendCode()
#1 /home/admin/webserver/web/api.sergivanov.ru/public_html/vendor/illuminate/container/BoundMethod.php(36): App\\Http\\Controllers\\UserController->login()
#2 /home/admin/webserver/web/api.sergivanov.ru/public_html/vendor/illuminate/container/Util.php(41): Illuminate\\Container\\BoundMethod::Illuminate\\Container\\{closure}()
#3 /home/admin/webserver/web/api.sergivanov.ru/public_html/vendor/illuminate/container/BoundMethod.php(93): Illuminate\\Container\\Util::unwrapIfClosure()
#4 /home/admin/webserver/web/api.sergivanov.ru/public_html/vendor/illuminate/container/BoundMethod.php(35): Illuminate\\Container\\BoundMethod::callBoundMethod()
#5 /home/admin/webserver/web/api.sergivanov.ru/public_html/vendor/illuminate/container/Container.php(661): Illuminate\\Container\\BoundMethod::call()
#6 /home/admin/webserver/web/api.sergivanov.ru/public_html/vendor/laravel/lumen-framework/src/Concerns/RoutesRequests.php(391): Illuminate\\Container\\Container->call()
#7 /home/admin/webserver/web/api.sergivanov.ru/public_html/vendor/laravel/lumen-framework/src/Concerns/RoutesRequests.php(356): Laravel\\Lumen\\Application->callControllerCallable()
#8 /home/admin/webserver/web/api.sergivanov.ru/public_html/vendor/laravel/lumen-framework/src/Concerns/RoutesRequests.php(331): Laravel\\Lumen\\Application->callLumenController()
#9 /home/admin/webserver/web/api.sergivanov.ru/public_html/vendor/laravel/lumen-framework/src/Concerns/RoutesRequests.php(284): Laravel\\Lumen\\Application->callControllerAction()
#10 /home/admin/webserver/web/api.sergivanov.ru/public_html/vendor/laravel/lumen-framework/src/Concerns/RoutesRequests.php(264): Laravel\\Lumen\\Application->callActionOnArrayBasedRoute()
#11 /home/admin/webserver/web/api.sergivanov.ru/public_html/vendor/laravel/lumen-framework/src/Routing/Pipeline.php(48): Laravel\\Lumen\\Application->Laravel\\Lumen\\Concerns\\{closure}()
#12 /home/admin/webserver/web/api.sergivanov.ru/public_html/vendor/rogervila/lumen-rate-limiting/src/ThrottleRequests.php(129): Laravel\\Lumen\\Routing\\Pipeline->Laravel\\Lumen\\Routing\\{closure}()
#13 /home/admin/webserver/web/api.sergivanov.ru/public_html/vendor/rogervila/lumen-rate-limiting/src/ThrottleRequests.php(95): LumenRateLimiting\\ThrottleRequests->handleRequest()
#14 /home/admin/webserver/web/api.sergivanov.ru/public_html/vendor/rogervila/lumen-rate-limiting/src/ThrottleRequests.php(57): LumenRateLimiting\\ThrottleRequests->handleRequestUsingNamedLimiter()
#15 /home/admin/webserver/web/api.sergivanov.ru/public_html/vendor/illuminate/pipeline/Pipeline.php(180): LumenRateLimiting\\ThrottleRequests->handle()
#16 /home/admin/webserver/web/api.sergivanov.ru/public_html/vendor/laravel/lumen-framework/src/Routing/Pipeline.php(30): Illuminate\\Pipeline\\Pipeline->Illuminate\\Pipeline\\{closure}()
#17 /home/admin/webserver/web/api.sergivanov.ru/public_html/app/Http/Middleware/CorsMiddleware.php(30): Laravel\\Lumen\\Routing\\Pipeline->Laravel\\Lumen\\Routing\\{closure}()
#18 /home/admin/webserver/web/api.sergivanov.ru/public_html/vendor/illuminate/pipeline/Pipeline.php(180): App\\Http\\Middleware\\CorsMiddleware->handle()
#19 /home/admin/webserver/web/api.sergivanov.ru/public_html/vendor/laravel/lumen-framework/src/Routing/Pipeline.php(30): Illuminate\\Pipeline\\Pipeline->Illuminate\\Pipeline\\{closure}()
#20 /home/admin/webserver/web/api.sergivanov.ru/public_html/vendor/illuminate/pipeline/Pipeline.php(116): Laravel\\Lumen\\Routing\\Pipeline->Laravel\\Lumen\\Routing\\{closure}()
#21 /home/admin/webserver/web/api.sergivanov.ru/public_html/vendor/laravel/lumen-framework/src/Concerns/RoutesRequests.php(428): Illuminate\\Pipeline\\Pipeline->then()
#22 /home/admin/webserver/web/api.sergivanov.ru/public_html/vendor/laravel/lumen-framework/src/Concerns/RoutesRequests.php(263): Laravel\\Lumen\\Application->sendThroughPipeline()
#23 /home/admin/webserver/web/api.sergivanov.ru/public_html/vendor/laravel/lumen-framework/src/Concerns/RoutesRequests.php(171): Laravel\\Lumen\\Application->handleFoundRoute()
#24 /home/admin/webserver/web/api.sergivanov.ru/public_html/vendor/laravel/lumen-framework/src/Routing/Pipeline.php(48): Laravel\\Lumen\\Application->Laravel\\Lumen\\Concerns\\{closure}()
#25 /home/admin/webserver/web/api.sergivanov.ru/public_html/app/Http/Middleware/CorsMiddleware.php(30): Laravel\\Lumen\\Routing\\Pipeline->Laravel\\Lumen\\Routing\\{closure}()
#26 /home/admin/webserver/web/api.sergivanov.ru/public_html/vendor/illuminate/pipeline/Pipeline.php(180): App\\Http\\Middleware\\CorsMiddleware->handle()
#27 /home/admin/webserver/web/api.sergivanov.ru/public_html/vendor/laravel/lumen-framework/src/Routing/Pipeline.php(30): Illuminate\\Pipeline\\Pipeline->Illuminate\\Pipeline\\{closure}()
#28 /home/admin/webserver/web/api.sergivanov.ru/public_html/vendor/illuminate/pipeline/Pipeline.php(116): Laravel\\Lumen\\Routing\\Pipeline->Laravel\\Lumen\\Routing\\{closure}()
#29 /home/admin/webserver/web/api.sergivanov.ru/public_html/vendor/laravel/lumen-framework/src/Concerns/RoutesRequests.php(428): Illuminate\\Pipeline\\Pipeline->then()
#30 /home/admin/webserver/web/api.sergivanov.ru/public_html/vendor/laravel/lumen-framework/src/Concerns/RoutesRequests.php(167): Laravel\\Lumen\\Application->sendThroughPipeline()
#31 /home/admin/webserver/web/api.sergivanov.ru/public_html/vendor/laravel/lumen-framework/src/Concerns/RoutesRequests.php(112): Laravel\\Lumen\\Application->dispatch()
#32 /home/admin/webserver/web/api.sergivanov.ru/public_html/public/index.php(28): Laravel\\Lumen\\Application->run()
#33 {main}
"} 
[2025-03-18 09:46:29] local.ERROR: Call to undefined method stdClass::save() {"exception":"[object] (Error(code: 0): Call to undefined method stdClass::save() at /home/admin/webserver/web/api.sergivanov.ru/public_html/app/Http/Controllers/UserController.php:397)
[stacktrace]
#0 /home/admin/webserver/web/api.sergivanov.ru/public_html/app/Http/Controllers/UserController.php(301): App\\Http\\Controllers\\UserController->sendCode()
#1 /home/admin/webserver/web/api.sergivanov.ru/public_html/vendor/illuminate/container/BoundMethod.php(36): App\\Http\\Controllers\\UserController->login()
#2 /home/admin/webserver/web/api.sergivanov.ru/public_html/vendor/illuminate/container/Util.php(41): Illuminate\\Container\\BoundMethod::Illuminate\\Container\\{closure}()
#3 /home/admin/webserver/web/api.sergivanov.ru/public_html/vendor/illuminate/container/BoundMethod.php(93): Illuminate\\Container\\Util::unwrapIfClosure()
#4 /home/admin/webserver/web/api.sergivanov.ru/public_html/vendor/illuminate/container/BoundMethod.php(35): Illuminate\\Container\\BoundMethod::callBoundMethod()
#5 /home/admin/webserver/web/api.sergivanov.ru/public_html/vendor/illuminate/container/Container.php(661): Illuminate\\Container\\BoundMethod::call()
#6 /home/admin/webserver/web/api.sergivanov.ru/public_html/vendor/laravel/lumen-framework/src/Concerns/RoutesRequests.php(391): Illuminate\\Container\\Container->call()
#7 /home/admin/webserver/web/api.sergivanov.ru/public_html/vendor/laravel/lumen-framework/src/Concerns/RoutesRequests.php(356): Laravel\\Lumen\\Application->callControllerCallable()
#8 /home/admin/webserver/web/api.sergivanov.ru/public_html/vendor/laravel/lumen-framework/src/Concerns/RoutesRequests.php(331): Laravel\\Lumen\\Application->callLumenController()
#9 /home/admin/webserver/web/api.sergivanov.ru/public_html/vendor/laravel/lumen-framework/src/Concerns/RoutesRequests.php(284): Laravel\\Lumen\\Application->callControllerAction()
#10 /home/admin/webserver/web/api.sergivanov.ru/public_html/vendor/laravel/lumen-framework/src/Concerns/RoutesRequests.php(264): Laravel\\Lumen\\Application->callActionOnArrayBasedRoute()
#11 /home/admin/webserver/web/api.sergivanov.ru/public_html/vendor/laravel/lumen-framework/src/Routing/Pipeline.php(48): Laravel\\Lumen\\Application->Laravel\\Lumen\\Concerns\\{closure}()
#12 /home/admin/webserver/web/api.sergivanov.ru/public_html/vendor/rogervila/lumen-rate-limiting/src/ThrottleRequests.php(129): Laravel\\Lumen\\Routing\\Pipeline->Laravel\\Lumen\\Routing\\{closure}()
#13 /home/admin/webserver/web/api.sergivanov.ru/public_html/vendor/rogervila/lumen-rate-limiting/src/ThrottleRequests.php(95): LumenRateLimiting\\ThrottleRequests->handleRequest()
#14 /home/admin/webserver/web/api.sergivanov.ru/public_html/vendor/rogervila/lumen-rate-limiting/src/ThrottleRequests.php(57): LumenRateLimiting\\ThrottleRequests->handleRequestUsingNamedLimiter()
#15 /home/admin/webserver/web/api.sergivanov.ru/public_html/vendor/illuminate/pipeline/Pipeline.php(180): LumenRateLimiting\\ThrottleRequests->handle()
#16 /home/admin/webserver/web/api.sergivanov.ru/public_html/vendor/laravel/lumen-framework/src/Routing/Pipeline.php(30): Illuminate\\Pipeline\\Pipeline->Illuminate\\Pipeline\\{closure}()
#17 /home/admin/webserver/web/api.sergivanov.ru/public_html/app/Http/Middleware/CorsMiddleware.php(30): Laravel\\Lumen\\Routing\\Pipeline->Laravel\\Lumen\\Routing\\{closure}()
#18 /home/admin/webserver/web/api.sergivanov.ru/public_html/vendor/illuminate/pipeline/Pipeline.php(180): App\\Http\\Middleware\\CorsMiddleware->handle()
#19 /home/admin/webserver/web/api.sergivanov.ru/public_html/vendor/laravel/lumen-framework/src/Routing/Pipeline.php(30): Illuminate\\Pipeline\\Pipeline->Illuminate\\Pipeline\\{closure}()
#20 /home/admin/webserver/web/api.sergivanov.ru/public_html/vendor/illuminate/pipeline/Pipeline.php(116): Laravel\\Lumen\\Routing\\Pipeline->Laravel\\Lumen\\Routing\\{closure}()
#21 /home/admin/webserver/web/api.sergivanov.ru/public_html/vendor/laravel/lumen-framework/src/Concerns/RoutesRequests.php(428): Illuminate\\Pipeline\\Pipeline->then()
#22 /home/admin/webserver/web/api.sergivanov.ru/public_html/vendor/laravel/lumen-framework/src/Concerns/RoutesRequests.php(263): Laravel\\Lumen\\Application->sendThroughPipeline()
#23 /home/admin/webserver/web/api.sergivanov.ru/public_html/vendor/laravel/lumen-framework/src/Concerns/RoutesRequests.php(171): Laravel\\Lumen\\Application->handleFoundRoute()
#24 /home/admin/webserver/web/api.sergivanov.ru/public_html/vendor/laravel/lumen-framework/src/Routing/Pipeline.php(48): Laravel\\Lumen\\Application->Laravel\\Lumen\\Concerns\\{closure}()
#25 /home/admin/webserver/web/api.sergivanov.ru/public_html/app/Http/Middleware/CorsMiddleware.php(30): Laravel\\Lumen\\Routing\\Pipeline->Laravel\\Lumen\\Routing\\{closure}()
#26 /home/admin/webserver/web/api.sergivanov.ru/public_html/vendor/illuminate/pipeline/Pipeline.php(180): App\\Http\\Middleware\\CorsMiddleware->handle()
#27 /home/admin/webserver/web/api.sergivanov.ru/public_html/vendor/laravel/lumen-framework/src/Routing/Pipeline.php(30): Illuminate\\Pipeline\\Pipeline->Illuminate\\Pipeline\\{closure}()
#28 /home/admin/webserver/web/api.sergivanov.ru/public_html/vendor/illuminate/pipeline/Pipeline.php(116): Laravel\\Lumen\\Routing\\Pipeline->Laravel\\Lumen\\Routing\\{closure}()
#29 /home/admin/webserver/web/api.sergivanov.ru/public_html/vendor/laravel/lumen-framework/src/Concerns/RoutesRequests.php(428): Illuminate\\Pipeline\\Pipeline->then()
#30 /home/admin/webserver/web/api.sergivanov.ru/public_html/vendor/laravel/lumen-framework/src/Concerns/RoutesRequests.php(167): Laravel\\Lumen\\Application->sendThroughPipeline()
#31 /home/admin/webserver/web/api.sergivanov.ru/public_html/vendor/laravel/lumen-framework/src/Concerns/RoutesRequests.php(112): Laravel\\Lumen\\Application->dispatch()
#32 /home/admin/webserver/web/api.sergivanov.ru/public_html/public/index.php(28): Laravel\\Lumen\\Application->run()
#33 {main}
"} 
[2025-03-18 09:57:07] local.INFO: Отправка смс:  {"error":1,"error_messages":["Неверный логин или пароль, или другая ошибка аутентификации."],"result":[],"type":"json"} 
[2025-03-18 09:58:40] local.INFO: Отправка смс:  {"error":0,"error_messages":[],"result":[{"sms_code":0,"sms_count":0,"sms_error":1,"sms_error_code":-4,"sms_error_msg":"Некорректное значение номера получателя","operator_code":0,"sms_tel":375777777777}],"type":"json"} 
[2025-03-18 10:36:19] local.INFO: Отправка смс:  {"error":0,"error_messages":[],"result":[{"sms_code":0,"sms_count":0,"sms_error":1,"sms_error_code":-4,"sms_error_msg":"Некорректное значение номера получателя","operator_code":0,"sms_tel":375123123908}],"type":"json"} 
[2025-03-18 10:36:20] local.INFO: Отправка смс:  {"error":0,"error_messages":[],"result":[{"sms_code":0,"sms_count":0,"sms_error":1,"sms_error_code":-4,"sms_error_msg":"Некорректное значение номера получателя","operator_code":0,"sms_tel":375123123908}],"type":"json"} 
