[2024-12-19 09:37:25] local.ERROR: SplFileInfo::getSize(): stat failed for /home/admin/webserver/web/api.sergivanov.ru/public_html/storage/users.xlsx {"exception":"[object] (RuntimeException(code: 0): SplFileInfo::getSize(): stat failed for /home/admin/webserver/web/api.sergivanov.ru/public_html/storage/users.xlsx at /home/admin/webserver/web/api.sergivanov.ru/public_html/vendor/symfony/http-foundation/BinaryFileResponse.php:199)
[stacktrace]
#0 /home/admin/webserver/web/api.sergivanov.ru/public_html/vendor/symfony/http-foundation/BinaryFileResponse.php(199): SplFileInfo->getSize()
#1 /home/admin/webserver/web/api.sergivanov.ru/public_html/vendor/laravel/lumen-framework/src/Concerns/RoutesRequests.php(453): Symfony\\Component\\HttpFoundation\\BinaryFileResponse->prepare()
#2 /home/admin/webserver/web/api.sergivanov.ru/public_html/vendor/laravel/lumen-framework/src/Concerns/RoutesRequests.php(139): Laravel\\Lumen\\Application->prepareResponse()
#3 /home/admin/webserver/web/api.sergivanov.ru/public_html/vendor/laravel/lumen-framework/src/Concerns/RoutesRequests.php(121): Laravel\\Lumen\\Application->callTerminableMiddleware()
#4 /home/admin/webserver/web/api.sergivanov.ru/public_html/public/index.php(28): Laravel\\Lumen\\Application->run()
#5 {main}
"} 
[2024-12-19 09:44:36] local.ERROR: SplFileInfo::getSize(): stat failed for /home/admin/webserver/web/api.sergivanov.ru/public_html/storage/users.xlsx {"exception":"[object] (RuntimeException(code: 0): SplFileInfo::getSize(): stat failed for /home/admin/webserver/web/api.sergivanov.ru/public_html/storage/users.xlsx at /home/admin/webserver/web/api.sergivanov.ru/public_html/vendor/symfony/http-foundation/BinaryFileResponse.php:199)
[stacktrace]
#0 /home/admin/webserver/web/api.sergivanov.ru/public_html/vendor/symfony/http-foundation/BinaryFileResponse.php(199): SplFileInfo->getSize()
#1 /home/admin/webserver/web/api.sergivanov.ru/public_html/vendor/laravel/lumen-framework/src/Concerns/RoutesRequests.php(453): Symfony\\Component\\HttpFoundation\\BinaryFileResponse->prepare()
#2 /home/admin/webserver/web/api.sergivanov.ru/public_html/vendor/laravel/lumen-framework/src/Concerns/RoutesRequests.php(139): Laravel\\Lumen\\Application->prepareResponse()
#3 /home/admin/webserver/web/api.sergivanov.ru/public_html/vendor/laravel/lumen-framework/src/Concerns/RoutesRequests.php(121): Laravel\\Lumen\\Application->callTerminableMiddleware()
#4 /home/admin/webserver/web/api.sergivanov.ru/public_html/public/index.php(28): Laravel\\Lumen\\Application->run()
#5 {main}
"} 
[2024-12-19 15:37:07] local.ERROR: Cannot use object of type stdClass as array {"exception":"[object] (Error(code: 0): Cannot use object of type stdClass as array at /home/admin/webserver/web/api.sergivanov.ru/public_html/app/Http/Controllers/UserController.php:873)
[stacktrace]
#0 /home/admin/webserver/web/api.sergivanov.ru/public_html/vendor/illuminate/container/BoundMethod.php(36): App\\Http\\Controllers\\UserController->blockedUser()
#1 /home/admin/webserver/web/api.sergivanov.ru/public_html/vendor/illuminate/container/Util.php(41): Illuminate\\Container\\BoundMethod::Illuminate\\Container\\{closure}()
#2 /home/admin/webserver/web/api.sergivanov.ru/public_html/vendor/illuminate/container/BoundMethod.php(93): Illuminate\\Container\\Util::unwrapIfClosure()
#3 /home/admin/webserver/web/api.sergivanov.ru/public_html/vendor/illuminate/container/BoundMethod.php(35): Illuminate\\Container\\BoundMethod::callBoundMethod()
#4 /home/admin/webserver/web/api.sergivanov.ru/public_html/vendor/illuminate/container/Container.php(661): Illuminate\\Container\\BoundMethod::call()
#5 /home/admin/webserver/web/api.sergivanov.ru/public_html/vendor/laravel/lumen-framework/src/Concerns/RoutesRequests.php(391): Illuminate\\Container\\Container->call()
#6 /home/admin/webserver/web/api.sergivanov.ru/public_html/vendor/laravel/lumen-framework/src/Concerns/RoutesRequests.php(356): Laravel\\Lumen\\Application->callControllerCallable()
#7 /home/admin/webserver/web/api.sergivanov.ru/public_html/vendor/laravel/lumen-framework/src/Concerns/RoutesRequests.php(331): Laravel\\Lumen\\Application->callLumenController()
#8 /home/admin/webserver/web/api.sergivanov.ru/public_html/vendor/laravel/lumen-framework/src/Concerns/RoutesRequests.php(284): Laravel\\Lumen\\Application->callControllerAction()
#9 /home/admin/webserver/web/api.sergivanov.ru/public_html/vendor/laravel/lumen-framework/src/Concerns/RoutesRequests.php(264): Laravel\\Lumen\\Application->callActionOnArrayBasedRoute()
#10 /home/admin/webserver/web/api.sergivanov.ru/public_html/vendor/laravel/lumen-framework/src/Routing/Pipeline.php(48): Laravel\\Lumen\\Application->Laravel\\Lumen\\Concerns\\{closure}()
#11 /home/admin/webserver/web/api.sergivanov.ru/public_html/app/Http/Middleware/CorsMiddleware.php(30): Laravel\\Lumen\\Routing\\Pipeline->Laravel\\Lumen\\Routing\\{closure}()
#12 /home/admin/webserver/web/api.sergivanov.ru/public_html/vendor/illuminate/pipeline/Pipeline.php(180): App\\Http\\Middleware\\CorsMiddleware->handle()
#13 /home/admin/webserver/web/api.sergivanov.ru/public_html/vendor/laravel/lumen-framework/src/Routing/Pipeline.php(30): Illuminate\\Pipeline\\Pipeline->Illuminate\\Pipeline\\{closure}()
#14 /home/admin/webserver/web/api.sergivanov.ru/public_html/vendor/illuminate/pipeline/Pipeline.php(116): Laravel\\Lumen\\Routing\\Pipeline->Laravel\\Lumen\\Routing\\{closure}()
#15 /home/admin/webserver/web/api.sergivanov.ru/public_html/vendor/laravel/lumen-framework/src/Concerns/RoutesRequests.php(428): Illuminate\\Pipeline\\Pipeline->then()
#16 /home/admin/webserver/web/api.sergivanov.ru/public_html/vendor/laravel/lumen-framework/src/Concerns/RoutesRequests.php(263): Laravel\\Lumen\\Application->sendThroughPipeline()
#17 /home/admin/webserver/web/api.sergivanov.ru/public_html/vendor/laravel/lumen-framework/src/Concerns/RoutesRequests.php(239): Laravel\\Lumen\\Application->handleFoundRoute()
#18 /home/admin/webserver/web/api.sergivanov.ru/public_html/vendor/laravel/lumen-framework/src/Concerns/RoutesRequests.php(174): Laravel\\Lumen\\Application->handleDispatcherResponse()
#19 /home/admin/webserver/web/api.sergivanov.ru/public_html/vendor/laravel/lumen-framework/src/Routing/Pipeline.php(48): Laravel\\Lumen\\Application->Laravel\\Lumen\\Concerns\\{closure}()
#20 /home/admin/webserver/web/api.sergivanov.ru/public_html/app/Http/Middleware/CorsMiddleware.php(30): Laravel\\Lumen\\Routing\\Pipeline->Laravel\\Lumen\\Routing\\{closure}()
#21 /home/admin/webserver/web/api.sergivanov.ru/public_html/vendor/illuminate/pipeline/Pipeline.php(180): App\\Http\\Middleware\\CorsMiddleware->handle()
#22 /home/admin/webserver/web/api.sergivanov.ru/public_html/vendor/laravel/lumen-framework/src/Routing/Pipeline.php(30): Illuminate\\Pipeline\\Pipeline->Illuminate\\Pipeline\\{closure}()
#23 /home/admin/webserver/web/api.sergivanov.ru/public_html/vendor/illuminate/pipeline/Pipeline.php(116): Laravel\\Lumen\\Routing\\Pipeline->Laravel\\Lumen\\Routing\\{closure}()
#24 /home/admin/webserver/web/api.sergivanov.ru/public_html/vendor/laravel/lumen-framework/src/Concerns/RoutesRequests.php(428): Illuminate\\Pipeline\\Pipeline->then()
#25 /home/admin/webserver/web/api.sergivanov.ru/public_html/vendor/laravel/lumen-framework/src/Concerns/RoutesRequests.php(167): Laravel\\Lumen\\Application->sendThroughPipeline()
#26 /home/admin/webserver/web/api.sergivanov.ru/public_html/vendor/laravel/lumen-framework/src/Concerns/RoutesRequests.php(112): Laravel\\Lumen\\Application->dispatch()
#27 /home/admin/webserver/web/api.sergivanov.ru/public_html/public/index.php(28): Laravel\\Lumen\\Application->run()
#28 {main}
"} 
