[2025-03-17 18:29:03] local.ERROR: Unauthenticated. {"exception":"[object] (Illuminate\\Auth\\AuthenticationException(code: 0): Unauthenticated. at /home/admin/webserver/web/api.sergivanov.ru/public_html/app/Http/Middleware/AuthMiddleware.php:18)
[stacktrace]
#0 /home/admin/webserver/web/api.sergivanov.ru/public_html/vendor/illuminate/pipeline/Pipeline.php(180): App\\Http\\Middleware\\AuthMiddleware->handle()
#1 /home/admin/webserver/web/api.sergivanov.ru/public_html/vendor/laravel/lumen-framework/src/Routing/Pipeline.php(30): Illuminate\\Pipeline\\Pipeline->Illuminate\\Pipeline\\{closure}()
#2 /home/admin/webserver/web/api.sergivanov.ru/public_html/app/Http/Middleware/CorsMiddleware.php(30): Laravel\\Lumen\\Routing\\Pipeline->Laravel\\Lumen\\Routing\\{closure}()
#3 /home/admin/webserver/web/api.sergivanov.ru/public_html/vendor/illuminate/pipeline/Pipeline.php(180): App\\Http\\Middleware\\CorsMiddleware->handle()
#4 /home/admin/webserver/web/api.sergivanov.ru/public_html/vendor/laravel/lumen-framework/src/Routing/Pipeline.php(30): Illuminate\\Pipeline\\Pipeline->Illuminate\\Pipeline\\{closure}()
#5 /home/admin/webserver/web/api.sergivanov.ru/public_html/vendor/illuminate/pipeline/Pipeline.php(116): Laravel\\Lumen\\Routing\\Pipeline->Laravel\\Lumen\\Routing\\{closure}()
#6 /home/admin/webserver/web/api.sergivanov.ru/public_html/vendor/laravel/lumen-framework/src/Concerns/RoutesRequests.php(428): Illuminate\\Pipeline\\Pipeline->then()
#7 /home/admin/webserver/web/api.sergivanov.ru/public_html/vendor/laravel/lumen-framework/src/Concerns/RoutesRequests.php(263): Laravel\\Lumen\\Application->sendThroughPipeline()
#8 /home/admin/webserver/web/api.sergivanov.ru/public_html/vendor/laravel/lumen-framework/src/Concerns/RoutesRequests.php(171): Laravel\\Lumen\\Application->handleFoundRoute()
#9 /home/admin/webserver/web/api.sergivanov.ru/public_html/vendor/laravel/lumen-framework/src/Routing/Pipeline.php(48): Laravel\\Lumen\\Application->Laravel\\Lumen\\Concerns\\{closure}()
#10 /home/admin/webserver/web/api.sergivanov.ru/public_html/app/Http/Middleware/CorsMiddleware.php(30): Laravel\\Lumen\\Routing\\Pipeline->Laravel\\Lumen\\Routing\\{closure}()
#11 /home/admin/webserver/web/api.sergivanov.ru/public_html/vendor/illuminate/pipeline/Pipeline.php(180): App\\Http\\Middleware\\CorsMiddleware->handle()
#12 /home/admin/webserver/web/api.sergivanov.ru/public_html/vendor/laravel/lumen-framework/src/Routing/Pipeline.php(30): Illuminate\\Pipeline\\Pipeline->Illuminate\\Pipeline\\{closure}()
#13 /home/admin/webserver/web/api.sergivanov.ru/public_html/vendor/illuminate/pipeline/Pipeline.php(116): Laravel\\Lumen\\Routing\\Pipeline->Laravel\\Lumen\\Routing\\{closure}()
#14 /home/admin/webserver/web/api.sergivanov.ru/public_html/vendor/laravel/lumen-framework/src/Concerns/RoutesRequests.php(428): Illuminate\\Pipeline\\Pipeline->then()
#15 /home/admin/webserver/web/api.sergivanov.ru/public_html/vendor/laravel/lumen-framework/src/Concerns/RoutesRequests.php(167): Laravel\\Lumen\\Application->sendThroughPipeline()
#16 /home/admin/webserver/web/api.sergivanov.ru/public_html/vendor/laravel/lumen-framework/src/Concerns/RoutesRequests.php(112): Laravel\\Lumen\\Application->dispatch()
#17 /home/admin/webserver/web/api.sergivanov.ru/public_html/public/index.php(28): Laravel\\Lumen\\Application->run()
#18 {main}
"} 
[2025-03-17 18:29:07] local.ERROR: Unauthenticated. {"exception":"[object] (Illuminate\\Auth\\AuthenticationException(code: 0): Unauthenticated. at /home/admin/webserver/web/api.sergivanov.ru/public_html/app/Http/Middleware/AuthMiddleware.php:18)
[stacktrace]
#0 /home/admin/webserver/web/api.sergivanov.ru/public_html/vendor/illuminate/pipeline/Pipeline.php(180): App\\Http\\Middleware\\AuthMiddleware->handle()
#1 /home/admin/webserver/web/api.sergivanov.ru/public_html/vendor/laravel/lumen-framework/src/Routing/Pipeline.php(30): Illuminate\\Pipeline\\Pipeline->Illuminate\\Pipeline\\{closure}()
#2 /home/admin/webserver/web/api.sergivanov.ru/public_html/app/Http/Middleware/CorsMiddleware.php(30): Laravel\\Lumen\\Routing\\Pipeline->Laravel\\Lumen\\Routing\\{closure}()
#3 /home/admin/webserver/web/api.sergivanov.ru/public_html/vendor/illuminate/pipeline/Pipeline.php(180): App\\Http\\Middleware\\CorsMiddleware->handle()
#4 /home/admin/webserver/web/api.sergivanov.ru/public_html/vendor/laravel/lumen-framework/src/Routing/Pipeline.php(30): Illuminate\\Pipeline\\Pipeline->Illuminate\\Pipeline\\{closure}()
#5 /home/admin/webserver/web/api.sergivanov.ru/public_html/vendor/illuminate/pipeline/Pipeline.php(116): Laravel\\Lumen\\Routing\\Pipeline->Laravel\\Lumen\\Routing\\{closure}()
#6 /home/admin/webserver/web/api.sergivanov.ru/public_html/vendor/laravel/lumen-framework/src/Concerns/RoutesRequests.php(428): Illuminate\\Pipeline\\Pipeline->then()
#7 /home/admin/webserver/web/api.sergivanov.ru/public_html/vendor/laravel/lumen-framework/src/Concerns/RoutesRequests.php(263): Laravel\\Lumen\\Application->sendThroughPipeline()
#8 /home/admin/webserver/web/api.sergivanov.ru/public_html/vendor/laravel/lumen-framework/src/Concerns/RoutesRequests.php(171): Laravel\\Lumen\\Application->handleFoundRoute()
#9 /home/admin/webserver/web/api.sergivanov.ru/public_html/vendor/laravel/lumen-framework/src/Routing/Pipeline.php(48): Laravel\\Lumen\\Application->Laravel\\Lumen\\Concerns\\{closure}()
#10 /home/admin/webserver/web/api.sergivanov.ru/public_html/app/Http/Middleware/CorsMiddleware.php(30): Laravel\\Lumen\\Routing\\Pipeline->Laravel\\Lumen\\Routing\\{closure}()
#11 /home/admin/webserver/web/api.sergivanov.ru/public_html/vendor/illuminate/pipeline/Pipeline.php(180): App\\Http\\Middleware\\CorsMiddleware->handle()
#12 /home/admin/webserver/web/api.sergivanov.ru/public_html/vendor/laravel/lumen-framework/src/Routing/Pipeline.php(30): Illuminate\\Pipeline\\Pipeline->Illuminate\\Pipeline\\{closure}()
#13 /home/admin/webserver/web/api.sergivanov.ru/public_html/vendor/illuminate/pipeline/Pipeline.php(116): Laravel\\Lumen\\Routing\\Pipeline->Laravel\\Lumen\\Routing\\{closure}()
#14 /home/admin/webserver/web/api.sergivanov.ru/public_html/vendor/laravel/lumen-framework/src/Concerns/RoutesRequests.php(428): Illuminate\\Pipeline\\Pipeline->then()
#15 /home/admin/webserver/web/api.sergivanov.ru/public_html/vendor/laravel/lumen-framework/src/Concerns/RoutesRequests.php(167): Laravel\\Lumen\\Application->sendThroughPipeline()
#16 /home/admin/webserver/web/api.sergivanov.ru/public_html/vendor/laravel/lumen-framework/src/Concerns/RoutesRequests.php(112): Laravel\\Lumen\\Application->dispatch()
#17 /home/admin/webserver/web/api.sergivanov.ru/public_html/public/index.php(28): Laravel\\Lumen\\Application->run()
#18 {main}
"} 
